-------------------------------------------------------------------------------
Test set: Runner.CucumberRunner
-------------------------------------------------------------------------------
Tests run: 32, Failures: 19, Errors: 0, Skipped: 0, Time elapsed: 45.851 sec <<< FAILURE! - in Runner.CucumberRunner
Invalid credentials(Create an auth token)  Time elapsed: 1.021 sec  <<< FAILURE!
java.lang.AssertionError: expected:<200> but was:<401>

Invalid booking information(Create a new booking)  Time elapsed: 0.947 sec  <<< FAILURE!
java.lang.AssertionError: expected:<200> but was:<400>

Successfully create a new booking with XML body(Create a new booking)  Time elapsed: 1.115 sec  <<< FAILURE!
java.lang.AssertionError: expected:<500> but was:<200>

Successfully create a new booking with URL-encoded body(Create a new booking)  Time elapsed: 0.983 sec  <<< FAILURE!
java.lang.AssertionError: expected:<415> but was:<200>

Successfully delete a booking with cookie(Delete a booking)  Time elapsed: 0.997 sec  <<< FAILURE!
java.lang.AssertionError: expected:<403> but was:<201>

Invalid booking id(Delete a booking)  Time elapsed: 1.217 sec  <<< FAILURE!
java.lang.AssertionError: expected:<405> but was:<404>

Unauthorized access(Delete a booking)  Time elapsed: 0.888 sec  <<< FAILURE!
java.lang.AssertionError: expected:<403> but was:<401>

Successfully retrieve a specific booking(GetBookingById)  Time elapsed: 1.043 sec  <<< FAILURE!
java.lang.AssertionError: 
1 expectation failed.
Response body doesn't match expectation.
Expected: The content to match the given JSON schema.
warning: the following keywords are unknown and will be ignored: [$id, examples]
    level: "warning"
    schema: {"loadingURI":"file:/Users/macbook-m1/AquaProjects/Autoc0de-API/target/test-classes/bookingSchema.json#","pointer":""}
    domain: "syntax"
    ignored: ["$id","examples"]
warning: the following keywords are unknown and will be ignored: [$id, examples]
    level: "warning"
    schema: {"loadingURI":"file:/Users/macbook-m1/AquaProjects/Autoc0de-API/target/test-classes/bookingSchema.json#","pointer":"/properties/booking"}
    domain: "syntax"
    ignored: ["$id","examples"]
warning: the following keywords are unknown and will be ignored: [$id, examples]
    level: "warning"
    schema: {"loadingURI":"file:/Users/macbook-m1/AquaProjects/Autoc0de-API/target/test-classes/bookingSchema.json#","pointer":"/properties/booking/properties/additionalneeds"}
    domain: "syntax"
    ignored: ["$id","examples"]
warning: the following keywords are unknown and will be ignored: [$id, examples]
    level: "warning"
    schema: {"loadingURI":"file:/Users/macbook-m1/AquaProjects/Autoc0de-API/target/test-classes/bookingSchema.json#","pointer":"/properties/booking/properties/bookingdates"}
    domain: "syntax"
    ignored: ["$id","examples"]
warning: the following keywords are unknown and will be ignored: [$id, examples]
    level: "warning"
    schema: {"loadingURI":"file:/Users/macbook-m1/AquaProjects/Autoc0de-API/target/test-classes/bookingSchema.json#","pointer":"/properties/booking/properties/bookingdates/properties/checkin"}
    domain: "syntax"
    ignored: ["$id","examples"]
warning: the following keywords are unknown and will be ignored: [$id, examples]
    level: "warning"
    schema: {"loadingURI":"file:/Users/macbook-m1/AquaProjects/Autoc0de-API/target/test-classes/bookingSchema.json#","pointer":"/properties/booking/properties/bookingdates/properties/checkout"}
    domain: "syntax"
    ignored: ["$id","examples"]
warning: the following keywords are unknown and will be ignored: [$id, examples]
    level: "warning"
    schema: {"loadingURI":"file:/Users/macbook-m1/AquaProjects/Autoc0de-API/target/test-classes/bookingSchema.json#","pointer":"/properties/booking/properties/depositpaid"}
    domain: "syntax"
    ignored: ["$id","examples"]
warning: the following keywords are unknown and will be ignored: [$id, examples]
    level: "warning"
    schema: {"loadingURI":"file:/Users/macbook-m1/AquaProjects/Autoc0de-API/target/test-classes/bookingSchema.json#","pointer":"/properties/booking/properties/firstname"}
    domain: "syntax"
    ignored: ["$id","examples"]
warning: the following keywords are unknown and will be ignored: [$id, examples]
    level: "warning"
    schema: {"loadingURI":"file:/Users/macbook-m1/AquaProjects/Autoc0de-API/target/test-classes/bookingSchema.json#","pointer":"/properties/booking/properties/lastname"}
    domain: "syntax"
    ignored: ["$id","examples"]
warning: the following keywords are unknown and will be ignored: [$id, examples]
    level: "warning"
    schema: {"loadingURI":"file:/Users/macbook-m1/AquaProjects/Autoc0de-API/target/test-classes/bookingSchema.json#","pointer":"/properties/booking/properties/totalprice"}
    domain: "syntax"
    ignored: ["$id","examples"]
warning: the following keywords are unknown and will be ignored: [$id, examples]
    level: "warning"
    schema: {"loadingURI":"file:/Users/macbook-m1/AquaProjects/Autoc0de-API/target/test-classes/bookingSchema.json#","pointer":"/properties/bookingid"}
    domain: "syntax"
    ignored: ["$id","examples"]
error: object has missing required properties (["booking","bookingid"])
    level: "error"
    schema: {"loadingURI":"file:/Users/macbook-m1/AquaProjects/Autoc0de-API/target/test-classes/bookingSchema.json#","pointer":""}
    instance: {"pointer":""}
    domain: "validation"
    keyword: "required"
    required: ["booking","bookingid"]
    missing: ["booking","bookingid"]

  Actual: {"firstname":"Eric","lastname":"Ericsson","totalprice":351,"depositpaid":true,"bookingdates":{"checkin":"2018-07-31","checkout":"2022-05-27"},"additionalneeds":"Breakfast"}


Successfully update a current booking with a partial payload(Update a current booking with a partial payload)  Time elapsed: 1.229 sec  <<< FAILURE!
java.lang.AssertionError: 
1 expectation failed.
Response body doesn't match expectation.
Expected: The content to match the given JSON schema.
warning: the following keywords are unknown and will be ignored: [$id, examples]
    level: "warning"
    schema: {"loadingURI":"file:/Users/macbook-m1/AquaProjects/Autoc0de-API/target/test-classes/bookingSchema.json#","pointer":""}
    domain: "syntax"
    ignored: ["$id","examples"]
warning: the following keywords are unknown and will be ignored: [$id, examples]
    level: "warning"
    schema: {"loadingURI":"file:/Users/macbook-m1/AquaProjects/Autoc0de-API/target/test-classes/bookingSchema.json#","pointer":"/properties/booking"}
    domain: "syntax"
    ignored: ["$id","examples"]
warning: the following keywords are unknown and will be ignored: [$id, examples]
    level: "warning"
    schema: {"loadingURI":"file:/Users/macbook-m1/AquaProjects/Autoc0de-API/target/test-classes/bookingSchema.json#","pointer":"/properties/booking/properties/additionalneeds"}
    domain: "syntax"
    ignored: ["$id","examples"]
warning: the following keywords are unknown and will be ignored: [$id, examples]
    level: "warning"
    schema: {"loadingURI":"file:/Users/macbook-m1/AquaProjects/Autoc0de-API/target/test-classes/bookingSchema.json#","pointer":"/properties/booking/properties/bookingdates"}
    domain: "syntax"
    ignored: ["$id","examples"]
warning: the following keywords are unknown and will be ignored: [$id, examples]
    level: "warning"
    schema: {"loadingURI":"file:/Users/macbook-m1/AquaProjects/Autoc0de-API/target/test-classes/bookingSchema.json#","pointer":"/properties/booking/properties/bookingdates/properties/checkin"}
    domain: "syntax"
    ignored: ["$id","examples"]
warning: the following keywords are unknown and will be ignored: [$id, examples]
    level: "warning"
    schema: {"loadingURI":"file:/Users/macbook-m1/AquaProjects/Autoc0de-API/target/test-classes/bookingSchema.json#","pointer":"/properties/booking/properties/bookingdates/properties/checkout"}
    domain: "syntax"
    ignored: ["$id","examples"]
warning: the following keywords are unknown and will be ignored: [$id, examples]
    level: "warning"
    schema: {"loadingURI":"file:/Users/macbook-m1/AquaProjects/Autoc0de-API/target/test-classes/bookingSchema.json#","pointer":"/properties/booking/properties/depositpaid"}
    domain: "syntax"
    ignored: ["$id","examples"]
warning: the following keywords are unknown and will be ignored: [$id, examples]
    level: "warning"
    schema: {"loadingURI":"file:/Users/macbook-m1/AquaProjects/Autoc0de-API/target/test-classes/bookingSchema.json#","pointer":"/properties/booking/properties/firstname"}
    domain: "syntax"
    ignored: ["$id","examples"]
warning: the following keywords are unknown and will be ignored: [$id, examples]
    level: "warning"
    schema: {"loadingURI":"file:/Users/macbook-m1/AquaProjects/Autoc0de-API/target/test-classes/bookingSchema.json#","pointer":"/properties/booking/properties/lastname"}
    domain: "syntax"
    ignored: ["$id","examples"]
warning: the following keywords are unknown and will be ignored: [$id, examples]
    level: "warning"
    schema: {"loadingURI":"file:/Users/macbook-m1/AquaProjects/Autoc0de-API/target/test-classes/bookingSchema.json#","pointer":"/properties/booking/properties/totalprice"}
    domain: "syntax"
    ignored: ["$id","examples"]
warning: the following keywords are unknown and will be ignored: [$id, examples]
    level: "warning"
    schema: {"loadingURI":"file:/Users/macbook-m1/AquaProjects/Autoc0de-API/target/test-classes/bookingSchema.json#","pointer":"/properties/bookingid"}
    domain: "syntax"
    ignored: ["$id","examples"]
error: object has missing required properties (["booking","bookingid"])
    level: "error"
    schema: {"loadingURI":"file:/Users/macbook-m1/AquaProjects/Autoc0de-API/target/test-classes/bookingSchema.json#","pointer":""}
    instance: {"pointer":""}
    domain: "validation"
    keyword: "required"
    required: ["booking","bookingid"]
    missing: ["booking","bookingid"]

  Actual: {"firstname":"Jim","lastname":"Brown","totalprice":437,"depositpaid":true,"bookingdates":{"checkin":"2022-09-07","checkout":"2022-09-09"}}


Invalid booking id(Update a current booking with a partial payload)  Time elapsed: 0.874 sec  <<< FAILURE!
java.lang.AssertionError: expected:<405> but was:<404>

Invalid partial payload(Update a current booking with a partial payload)  Time elapsed: 0.886 sec  <<< FAILURE!
java.lang.AssertionError: expected:<200> but was:<400>

Unauthorized access(Update a current booking with a partial payload)  Time elapsed: 0.87 sec  <<< FAILURE!
java.lang.AssertionError: expected:<403> but was:<401>

Successfully update a current booking with a partial payload in URL-encoded format(Update a current booking with a partial payload)  Time elapsed: 0.823 sec  <<< FAILURE!
java.lang.AssertionError: expected:<415> but was:<200>

Successfully update a current booking(Update a current booking)  Time elapsed: 0.98 sec  <<< FAILURE!
java.lang.AssertionError: 
1 expectation failed.
Response body doesn't match expectation.
Expected: The content to match the given JSON schema.
warning: the following keywords are unknown and will be ignored: [$id, examples]
    level: "warning"
    schema: {"loadingURI":"file:/Users/macbook-m1/AquaProjects/Autoc0de-API/target/test-classes/bookingSchema.json#","pointer":""}
    domain: "syntax"
    ignored: ["$id","examples"]
warning: the following keywords are unknown and will be ignored: [$id, examples]
    level: "warning"
    schema: {"loadingURI":"file:/Users/macbook-m1/AquaProjects/Autoc0de-API/target/test-classes/bookingSchema.json#","pointer":"/properties/booking"}
    domain: "syntax"
    ignored: ["$id","examples"]
warning: the following keywords are unknown and will be ignored: [$id, examples]
    level: "warning"
    schema: {"loadingURI":"file:/Users/macbook-m1/AquaProjects/Autoc0de-API/target/test-classes/bookingSchema.json#","pointer":"/properties/booking/properties/additionalneeds"}
    domain: "syntax"
    ignored: ["$id","examples"]
warning: the following keywords are unknown and will be ignored: [$id, examples]
    level: "warning"
    schema: {"loadingURI":"file:/Users/macbook-m1/AquaProjects/Autoc0de-API/target/test-classes/bookingSchema.json#","pointer":"/properties/booking/properties/bookingdates"}
    domain: "syntax"
    ignored: ["$id","examples"]
warning: the following keywords are unknown and will be ignored: [$id, examples]
    level: "warning"
    schema: {"loadingURI":"file:/Users/macbook-m1/AquaProjects/Autoc0de-API/target/test-classes/bookingSchema.json#","pointer":"/properties/booking/properties/bookingdates/properties/checkin"}
    domain: "syntax"
    ignored: ["$id","examples"]
warning: the following keywords are unknown and will be ignored: [$id, examples]
    level: "warning"
    schema: {"loadingURI":"file:/Users/macbook-m1/AquaProjects/Autoc0de-API/target/test-classes/bookingSchema.json#","pointer":"/properties/booking/properties/bookingdates/properties/checkout"}
    domain: "syntax"
    ignored: ["$id","examples"]
warning: the following keywords are unknown and will be ignored: [$id, examples]
    level: "warning"
    schema: {"loadingURI":"file:/Users/macbook-m1/AquaProjects/Autoc0de-API/target/test-classes/bookingSchema.json#","pointer":"/properties/booking/properties/depositpaid"}
    domain: "syntax"
    ignored: ["$id","examples"]
warning: the following keywords are unknown and will be ignored: [$id, examples]
    level: "warning"
    schema: {"loadingURI":"file:/Users/macbook-m1/AquaProjects/Autoc0de-API/target/test-classes/bookingSchema.json#","pointer":"/properties/booking/properties/firstname"}
    domain: "syntax"
    ignored: ["$id","examples"]
warning: the following keywords are unknown and will be ignored: [$id, examples]
    level: "warning"
    schema: {"loadingURI":"file:/Users/macbook-m1/AquaProjects/Autoc0de-API/target/test-classes/bookingSchema.json#","pointer":"/properties/booking/properties/lastname"}
    domain: "syntax"
    ignored: ["$id","examples"]
warning: the following keywords are unknown and will be ignored: [$id, examples]
    level: "warning"
    schema: {"loadingURI":"file:/Users/macbook-m1/AquaProjects/Autoc0de-API/target/test-classes/bookingSchema.json#","pointer":"/properties/booking/properties/totalprice"}
    domain: "syntax"
    ignored: ["$id","examples"]
warning: the following keywords are unknown and will be ignored: [$id, examples]
    level: "warning"
    schema: {"loadingURI":"file:/Users/macbook-m1/AquaProjects/Autoc0de-API/target/test-classes/bookingSchema.json#","pointer":"/properties/bookingid"}
    domain: "syntax"
    ignored: ["$id","examples"]
error: object has missing required properties (["booking","bookingid"])
    level: "error"
    schema: {"loadingURI":"file:/Users/macbook-m1/AquaProjects/Autoc0de-API/target/test-classes/bookingSchema.json#","pointer":""}
    instance: {"pointer":""}
    domain: "validation"
    keyword: "required"
    required: ["booking","bookingid"]
    missing: ["booking","bookingid"]

  Actual: {"firstname":"Jim","lastname":"Brown","totalprice":234,"depositpaid":true,"bookingdates":{"checkin":"2019-01-01","checkout":"2020-01-01"},"additionalneeds":"Breakfast and dinner"}


Invalid booking id(Update a current booking)  Time elapsed: 1.013 sec  <<< FAILURE!
java.lang.AssertionError: expected:<405> but was:<404>

Invalid booking information(Update a current booking)  Time elapsed: 1.356 sec  <<< FAILURE!
java.lang.AssertionError: expected:<200> but was:<400>

Unauthorized access(Update a current booking)  Time elapsed: 1.32 sec  <<< FAILURE!
java.lang.AssertionError: expected:<403> but was:<401>

Successfully update a current booking with XML body(Update a current booking)  Time elapsed: 0.942 sec  <<< FAILURE!
java.lang.AssertionError: expected:<400> but was:<200>

Successfully update a current booking with URL-encoded body(Update a current booking)  Time elapsed: 0.997 sec  <<< FAILURE!
java.lang.AssertionError: expected:<415> but was:<200>

