<?xml version="1.0" encoding="UTF-8"?>
<testsuite xmlns:xsi="http://www.w3.org/2001/XMLSchema-instance" xsi:schemaLocation="https://maven.apache.org/surefire/maven-surefire-plugin/xsd/surefire-test-report.xsd" name="Runner.CucumberRunner" time="20.539" tests="6" errors="0" skipped="0" failures="0">
  <properties>
[...]
</properties>
  <testcase name="As a user I want to test the POST operation on authentication" classname="Booking" time="5.202"/>
  <testcase name="As a user I want to test the POST operation on bookings" classname="Booking" time="1.255"/>
  <testcase name="As a user I want to get all the bookings" classname="Booking" time="1.774"/>
  <testcase name="As a user I want to delete a booking" classname="Booking" time="1.176"/>
  <testcase name="As a user I want to get a booking by id" classname="Booking" time="6.924"/>
  <testcase name="As a user I want to test the PUT operation to edit a booking" classname="Booking" time="0.985"/>
</testsuite>