<?xml version="1.0" encoding="UTF-8"?>
<testsuite xmlns:xsi="http://www.w3.org/2001/XMLSchema-instance" xsi:schemaLocation="https://maven.apache.org/surefire/maven-surefire-plugin/xsd/surefire-test-report.xsd" name="Runner.CucumberRunner" time="45.851" tests="32" errors="0" skipped="0" failures="19">
  <properties>
[...]
</properties>
  <testcase name="Successfully create an auth token" classname="Create an auth token" time="6.347"/>
  <testcase name="Invalid credentials" classname="Create an auth token" time="1.021">
    <failure message="expected:&lt;200&gt; but was:&lt;401&gt;" type="java.lang.AssertionError"><![CDATA[java.lang.AssertionError: expected:<200> but was:<401>
]]></failure>
    <system-err><![CDATA[7724 [main] INFO net.thucydides.core.steps.ConsoleLoggingListener - 
        __    _____ _____ ____ _____   ____   _    ____  ____  _____ ____  
  _     \ \  |_   _| ____/ ___|_   _| |  _ \ / \  / ___|/ ___|| ____|  _ \ 
 (_)_____| |   | | |  _| \___ \ | |   | |_) / _ \ \___ \\___ \|  _| | | | |
  _|_____| |   | | | |___ ___) || |   |  __/ ___ \ ___) |___) | |___| |_| |
 (_)     | |   |_| |_____|____/ |_|   |_| /_/   \_\____/|____/|_____|____/ 
        /_/                                                                

TEST PASSED: Successfully create an auth token
----------------------------------------------------------------------------
7737 [main] INFO net.thucydides.core.steps.ConsoleLoggingListener - 
 _____ _____ ____ _____   ____ _____  _    ____ _____ _____ ____  
|_   _| ____/ ___|_   _| / ___|_   _|/ \  |  _ \_   _| ____|  _ \ 
  | | |  _| \___ \ | |   \___ \ | | / _ \ | |_) || | |  _| | | | |
  | | | |___ ___) || |    ___) || |/ ___ \|  _ < | | | |___| |_| |
  |_| |_____|____/ |_|   |____/ |_/_/   \_\_| \_\|_| |_____|____/ 
                                                                  

TEST STARTED: Invalid credentials
-------------------------------------------------------------------(create-an-auth-token;invalid-credentials)
]]></system-err>
  </testcase>
  <testcase name="Successfully create a new booking" classname="Create a new booking" time="1.077"/>
  <testcase name="Invalid booking information" classname="Create a new booking" time="0.947">
    <failure message="expected:&lt;200&gt; but was:&lt;400&gt;" type="java.lang.AssertionError"><![CDATA[java.lang.AssertionError: expected:<200> but was:<400>
]]></failure>
    <system-err><![CDATA[9925 [main] INFO net.thucydides.core.steps.ConsoleLoggingListener - 
        __    _____ _____ ____ _____   ____   _    ____  ____  _____ ____  
  _     \ \  |_   _| ____/ ___|_   _| |  _ \ / \  / ___|/ ___|| ____|  _ \ 
 (_)_____| |   | | |  _| \___ \ | |   | |_) / _ \ \___ \\___ \|  _| | | | |
  _|_____| |   | | | |___ ___) || |   |  __/ ___ \ ___) |___) | |___| |_| |
 (_)     | |   |_| |_____|____/ |_|   |_| /_/   \_\____/|____/|_____|____/ 
        /_/                                                                

TEST PASSED: Successfully create a new booking
----------------------------------------------------------------------------
9932 [main] INFO net.thucydides.core.steps.ConsoleLoggingListener - 
 _____ _____ ____ _____   ____ _____  _    ____ _____ _____ ____  
|_   _| ____/ ___|_   _| / ___|_   _|/ \  |  _ \_   _| ____|  _ \ 
  | | |  _| \___ \ | |   \___ \ | | / _ \ | |_) || | |  _| | | | |
  | | | |___ ___) || |    ___) || |/ ___ \|  _ < | | | |___| |_| |
  |_| |_____|____/ |_|   |____/ |_/_/   \_\_| \_\|_| |_____|____/ 
                                                                  

TEST STARTED: Invalid booking information
-------------------------------------------------------------------(create-a-new-booking;invalid-booking-information)
]]></system-err>
  </testcase>
  <testcase name="Successfully create a new booking with XML body" classname="Create a new booking" time="1.115">
    <failure message="expected:&lt;500&gt; but was:&lt;200&gt;" type="java.lang.AssertionError"><![CDATA[java.lang.AssertionError: expected:<500> but was:<200>
]]></failure>
    <system-err><![CDATA[10880 [main] ERROR net.thucydides.core.steps.ConsoleLoggingListener - 
           __  _____ _____ ____ _____   _____ _    ___ _     _____ ____  
  _       / / |_   _| ____/ ___|_   _| |  ___/ \  |_ _| |   | ____|  _ \ 
 (_)_____| |    | | |  _| \___ \ | |   | |_ / _ \  | || |   |  _| | | | |
  _|_____| |    | | | |___ ___) || |   |  _/ ___ \ | || |___| |___| |_| |
 (_)     | |    |_| |_____|____/ |_|   |_|/_/   \_\___|_____|_____|____/ 
          \_\                                                            

TEST FAILED: Invalid booking information
--------------------------------------------------------------------------
10882 [main] ERROR net.thucydides.core.steps.ConsoleLoggingListener - TEST FAILED AT STEP Assert status code: 400
10883 [main] ERROR net.thucydides.core.steps.ConsoleLoggingListener - expected:<200> but was:<400>
10887 [main] INFO net.thucydides.core.steps.ConsoleLoggingListener - 
 _____ _____ ____ _____   ____ _____  _    ____ _____ _____ ____  
|_   _| ____/ ___|_   _| / ___|_   _|/ \  |  _ \_   _| ____|  _ \ 
  | | |  _| \___ \ | |   \___ \ | | / _ \ | |_) || | |  _| | | | |
  | | | |___ ___) || |    ___) || |/ ___ \|  _ < | | | |___| |_| |
  |_| |_____|____/ |_|   |____/ |_/_/   \_\_| \_\|_| |_____|____/ 
                                                                  

TEST STARTED: Successfully create a new booking with XML body
-------------------------------------------------------------------(create-a-new-booking;successfully-create-a-new-booking-with-xml-body)
]]></system-err>
  </testcase>
  <testcase name="Successfully create a new booking with URL-encoded body" classname="Create a new booking" time="0.983">
    <failure message="expected:&lt;415&gt; but was:&lt;200&gt;" type="java.lang.AssertionError"><![CDATA[java.lang.AssertionError: expected:<415> but was:<200>
]]></failure>
    <system-err><![CDATA[12002 [main] ERROR net.thucydides.core.steps.ConsoleLoggingListener - 
           __  _____ _____ ____ _____   _____ _    ___ _     _____ ____  
  _       / / |_   _| ____/ ___|_   _| |  ___/ \  |_ _| |   | ____|  _ \ 
 (_)_____| |    | | |  _| \___ \ | |   | |_ / _ \  | || |   |  _| | | | |
  _|_____| |    | | | |___ ___) || |   |  _/ ___ \ | || |___| |___| |_| |
 (_)     | |    |_| |_____|____/ |_|   |_|/_/   \_\___|_____|_____|____/ 
          \_\                                                            

TEST FAILED: Successfully create a new booking with XML body
--------------------------------------------------------------------------
12002 [main] ERROR net.thucydides.core.steps.ConsoleLoggingListener - TEST FAILED AT STEP Assert status code: 200
12003 [main] ERROR net.thucydides.core.steps.ConsoleLoggingListener - expected:<500> but was:<200>
12009 [main] INFO net.thucydides.core.steps.ConsoleLoggingListener - 
 _____ _____ ____ _____   ____ _____  _    ____ _____ _____ ____  
|_   _| ____/ ___|_   _| / ___|_   _|/ \  |  _ \_   _| ____|  _ \ 
  | | |  _| \___ \ | |   \___ \ | | / _ \ | |_) || | |  _| | | | |
  | | | |___ ___) || |    ___) || |/ ___ \|  _ < | | | |___| |_| |
  |_| |_____|____/ |_|   |____/ |_/_/   \_\_| \_\|_| |_____|____/ 
                                                                  

TEST STARTED: Successfully create a new booking with URL-encoded body
-------------------------------------------------------------------(create-a-new-booking;successfully-create-a-new-booking-with-url-encoded-body)
]]></system-err>
  </testcase>
  <testcase name="Successfully delete a booking" classname="Delete a booking" time="0.976"/>
  <testcase name="Successfully delete a booking with cookie" classname="Delete a booking" time="0.997">
    <failure message="expected:&lt;403&gt; but was:&lt;201&gt;" type="java.lang.AssertionError"><![CDATA[java.lang.AssertionError: expected:<403> but was:<201>
]]></failure>
    <system-err><![CDATA[13975 [main] INFO net.thucydides.core.steps.ConsoleLoggingListener - 
        __    _____ _____ ____ _____   ____   _    ____  ____  _____ ____  
  _     \ \  |_   _| ____/ ___|_   _| |  _ \ / \  / ___|/ ___|| ____|  _ \ 
 (_)_____| |   | | |  _| \___ \ | |   | |_) / _ \ \___ \\___ \|  _| | | | |
  _|_____| |   | | | |___ ___) || |   |  __/ ___ \ ___) |___) | |___| |_| |
 (_)     | |   |_| |_____|____/ |_|   |_| /_/   \_\____/|____/|_____|____/ 
        /_/                                                                

TEST PASSED: Successfully delete a booking
----------------------------------------------------------------------------
13980 [main] INFO net.thucydides.core.steps.ConsoleLoggingListener - 
 _____ _____ ____ _____   ____ _____  _    ____ _____ _____ ____  
|_   _| ____/ ___|_   _| / ___|_   _|/ \  |  _ \_   _| ____|  _ \ 
  | | |  _| \___ \ | |   \___ \ | | / _ \ | |_) || | |  _| | | | |
  | | | |___ ___) || |    ___) || |/ ___ \|  _ < | | | |___| |_| |
  |_| |_____|____/ |_|   |____/ |_/_/   \_\_| \_\|_| |_____|____/ 
                                                                  

TEST STARTED: Successfully delete a booking with cookie
-------------------------------------------------------------------(delete-a-booking;successfully-delete-a-booking-with-cookie)
]]></system-err>
  </testcase>
  <testcase name="Invalid booking id" classname="Delete a booking" time="1.217">
    <failure message="expected:&lt;405&gt; but was:&lt;404&gt;" type="java.lang.AssertionError"><![CDATA[java.lang.AssertionError: expected:<405> but was:<404>
]]></failure>
    <system-err><![CDATA[14976 [main] ERROR net.thucydides.core.steps.ConsoleLoggingListener - 
           __  _____ _____ ____ _____   _____ _    ___ _     _____ ____  
  _       / / |_   _| ____/ ___|_   _| |  ___/ \  |_ _| |   | ____|  _ \ 
 (_)_____| |    | | |  _| \___ \ | |   | |_ / _ \  | || |   |  _| | | | |
  _|_____| |    | | | |___ ___) || |   |  _/ ___ \ | || |___| |___| |_| |
 (_)     | |    |_| |_____|____/ |_|   |_|/_/   \_\___|_____|_____|____/ 
          \_\                                                            

TEST FAILED: Successfully delete a booking with cookie
--------------------------------------------------------------------------
14976 [main] ERROR net.thucydides.core.steps.ConsoleLoggingListener - TEST FAILED AT STEP Assert status code: 201
14976 [main] ERROR net.thucydides.core.steps.ConsoleLoggingListener - expected:<403> but was:<201>
14982 [main] INFO net.thucydides.core.steps.ConsoleLoggingListener - 
 _____ _____ ____ _____   ____ _____  _    ____ _____ _____ ____  
|_   _| ____/ ___|_   _| / ___|_   _|/ \  |  _ \_   _| ____|  _ \ 
  | | |  _| \___ \ | |   \___ \ | | / _ \ | |_) || | |  _| | | | |
  | | | |___ ___) || |    ___) || |/ ___ \|  _ < | | | |___| |_| |
  |_| |_____|____/ |_|   |____/ |_/_/   \_\_| \_\|_| |_____|____/ 
                                                                  

TEST STARTED: Invalid booking id
-------------------------------------------------------------------(delete-a-booking;invalid-booking-id)
]]></system-err>
  </testcase>
  <testcase name="Unauthorized access" classname="Delete a booking" time="0.888">
    <failure message="expected:&lt;403&gt; but was:&lt;401&gt;" type="java.lang.AssertionError"><![CDATA[java.lang.AssertionError: expected:<403> but was:<401>
]]></failure>
    <system-err><![CDATA[16202 [main] ERROR net.thucydides.core.steps.ConsoleLoggingListener - 
           __  _____ _____ ____ _____   _____ _    ___ _     _____ ____  
  _       / / |_   _| ____/ ___|_   _| |  ___/ \  |_ _| |   | ____|  _ \ 
 (_)_____| |    | | |  _| \___ \ | |   | |_ / _ \  | || |   |  _| | | | |
  _|_____| |    | | | |___ ___) || |   |  _/ ___ \ | || |___| |___| |_| |
 (_)     | |    |_| |_____|____/ |_|   |_|/_/   \_\___|_____|_____|____/ 
          \_\                                                            

TEST FAILED: Invalid booking id
--------------------------------------------------------------------------
16202 [main] ERROR net.thucydides.core.steps.ConsoleLoggingListener - TEST FAILED AT STEP Assert status code: 404
16202 [main] ERROR net.thucydides.core.steps.ConsoleLoggingListener - expected:<405> but was:<404>
16210 [main] INFO net.thucydides.core.steps.ConsoleLoggingListener - 
 _____ _____ ____ _____   ____ _____  _    ____ _____ _____ ____  
|_   _| ____/ ___|_   _| / ___|_   _|/ \  |  _ \_   _| ____|  _ \ 
  | | |  _| \___ \ | |   \___ \ | | / _ \ | |_) || | |  _| | | | |
  | | | |___ ___) || |    ___) || |/ ___ \|  _ < | | | |___| |_| |
  |_| |_____|____/ |_|   |____/ |_/_/   \_\_| \_\|_| |_____|____/ 
                                                                  

TEST STARTED: Unauthorized access
-------------------------------------------------------------------(delete-a-booking;unauthorized-access)
]]></system-err>
  </testcase>
  <testcase name="Successfully retrieve all booking IDs" classname="GetBookingIds" time="1.673"/>
  <testcase name="Successfully retrieve filtered booking IDs by Last name" classname="GetBookingIds" time="1.481"/>
  <testcase name="Successfully retrieve filtered booking IDs by First name" classname="GetBookingIds" time="1.264"/>
  <testcase name="Successfully retrieve filtered booking IDs by First and Last name" classname="GetBookingIds" time="1.21"/>
  <testcase name="Successfully retrieve filtered booking IDs by Checkin date" classname="GetBookingIds" time="0.936"/>
  <testcase name="Successfully retrieve filtered booking IDs by Checkout date" classname="GetBookingIds" time="1.373"/>
  <testcase name="Successfully retrieve a specific booking" classname="GetBookingById" time="1.043">
    <failure message="1 expectation failed.&#10;Response body doesn&apos;t match expectation.&#10;Expected: The content to match the given JSON schema.&#10;warning: the following keywords are unknown and will be ignored: [$id, examples]&#10;    level: &quot;warning&quot;&#10;    schema: {&quot;loadingURI&quot;:&quot;file:/Users/macbook-m1/AquaProjects/Autoc0de-API/target/test-classes/bookingSchema.json#&quot;,&quot;pointer&quot;:&quot;&quot;}&#10;    domain: &quot;syntax&quot;&#10;    ignored: [&quot;$id&quot;,&quot;examples&quot;]&#10;warning: the following keywords are unknown and will be ignored: [$id, examples]&#10;    level: &quot;warning&quot;&#10;    schema: {&quot;loadingURI&quot;:&quot;file:/Users/macbook-m1/AquaProjects/Autoc0de-API/target/test-classes/bookingSchema.json#&quot;,&quot;pointer&quot;:&quot;/properties/booking&quot;}&#10;    domain: &quot;syntax&quot;&#10;    ignored: [&quot;$id&quot;,&quot;examples&quot;]&#10;warning: the following keywords are unknown and will be ignored: [$id, examples]&#10;    level: &quot;warning&quot;&#10;    schema: {&quot;loadingURI&quot;:&quot;file:/Users/macbook-m1/AquaProjects/Autoc0de-API/target/test-classes/bookingSchema.json#&quot;,&quot;pointer&quot;:&quot;/properties/booking/properties/additionalneeds&quot;}&#10;    domain: &quot;syntax&quot;&#10;    ignored: [&quot;$id&quot;,&quot;examples&quot;]&#10;warning: the following keywords are unknown and will be ignored: [$id, examples]&#10;    level: &quot;warning&quot;&#10;    schema: {&quot;loadingURI&quot;:&quot;file:/Users/macbook-m1/AquaProjects/Autoc0de-API/target/test-classes/bookingSchema.json#&quot;,&quot;pointer&quot;:&quot;/properties/booking/properties/bookingdates&quot;}&#10;    domain: &quot;syntax&quot;&#10;    ignored: [&quot;$id&quot;,&quot;examples&quot;]&#10;warning: the following keywords are unknown and will be ignored: [$id, examples]&#10;    level: &quot;warning&quot;&#10;    schema: {&quot;loadingURI&quot;:&quot;file:/Users/macbook-m1/AquaProjects/Autoc0de-API/target/test-classes/bookingSchema.json#&quot;,&quot;pointer&quot;:&quot;/properties/booking/properties/bookingdates/properties/checkin&quot;}&#10;    domain: &quot;syntax&quot;&#10;    ignored: [&quot;$id&quot;,&quot;examples&quot;]&#10;warning: the following keywords are unknown and will be ignored: [$id, examples]&#10;    level: &quot;warning&quot;&#10;    schema: {&quot;loadingURI&quot;:&quot;file:/Users/macbook-m1/AquaProjects/Autoc0de-API/target/test-classes/bookingSchema.json#&quot;,&quot;pointer&quot;:&quot;/properties/booking/properties/bookingdates/properties/checkout&quot;}&#10;    domain: &quot;syntax&quot;&#10;    ignored: [&quot;$id&quot;,&quot;examples&quot;]&#10;warning: the following keywords are unknown and will be ignored: [$id, examples]&#10;    level: &quot;warning&quot;&#10;    schema: {&quot;loadingURI&quot;:&quot;file:/Users/macbook-m1/AquaProjects/Autoc0de-API/target/test-classes/bookingSchema.json#&quot;,&quot;pointer&quot;:&quot;/properties/booking/properties/depositpaid&quot;}&#10;    domain: &quot;syntax&quot;&#10;    ignored: [&quot;$id&quot;,&quot;examples&quot;]&#10;warning: the following keywords are unknown and will be ignored: [$id, examples]&#10;    level: &quot;warning&quot;&#10;    schema: {&quot;loadingURI&quot;:&quot;file:/Users/macbook-m1/AquaProjects/Autoc0de-API/target/test-classes/bookingSchema.json#&quot;,&quot;pointer&quot;:&quot;/properties/booking/properties/firstname&quot;}&#10;    domain: &quot;syntax&quot;&#10;    ignored: [&quot;$id&quot;,&quot;examples&quot;]&#10;warning: the following keywords are unknown and will be ignored: [$id, examples]&#10;    level: &quot;warning&quot;&#10;    schema: {&quot;loadingURI&quot;:&quot;file:/Users/macbook-m1/AquaProjects/Autoc0de-API/target/test-classes/bookingSchema.json#&quot;,&quot;pointer&quot;:&quot;/properties/booking/properties/lastname&quot;}&#10;    domain: &quot;syntax&quot;&#10;    ignored: [&quot;$id&quot;,&quot;examples&quot;]&#10;warning: the following keywords are unknown and will be ignored: [$id, examples]&#10;    level: &quot;warning&quot;&#10;    schema: {&quot;loadingURI&quot;:&quot;file:/Users/macbook-m1/AquaProjects/Autoc0de-API/target/test-classes/bookingSchema.json#&quot;,&quot;pointer&quot;:&quot;/properties/booking/properties/totalprice&quot;}&#10;    domain: &quot;syntax&quot;&#10;    ignored: [&quot;$id&quot;,&quot;examples&quot;]&#10;warning: the following keywords are unknown and will be ignored: [$id, examples]&#10;    level: &quot;warning&quot;&#10;    schema: {&quot;loadingURI&quot;:&quot;file:/Users/macbook-m1/AquaProjects/Autoc0de-API/target/test-classes/bookingSchema.json#&quot;,&quot;pointer&quot;:&quot;/properties/bookingid&quot;}&#10;    domain: &quot;syntax&quot;&#10;    ignored: [&quot;$id&quot;,&quot;examples&quot;]&#10;error: object has missing required properties ([&quot;booking&quot;,&quot;bookingid&quot;])&#10;    level: &quot;error&quot;&#10;    schema: {&quot;loadingURI&quot;:&quot;file:/Users/macbook-m1/AquaProjects/Autoc0de-API/target/test-classes/bookingSchema.json#&quot;,&quot;pointer&quot;:&quot;&quot;}&#10;    instance: {&quot;pointer&quot;:&quot;&quot;}&#10;    domain: &quot;validation&quot;&#10;    keyword: &quot;required&quot;&#10;    required: [&quot;booking&quot;,&quot;bookingid&quot;]&#10;    missing: [&quot;booking&quot;,&quot;bookingid&quot;]&#10;&#10;  Actual: {&quot;firstname&quot;:&quot;Eric&quot;,&quot;lastname&quot;:&quot;Ericsson&quot;,&quot;totalprice&quot;:351,&quot;depositpaid&quot;:true,&quot;bookingdates&quot;:{&quot;checkin&quot;:&quot;2018-07-31&quot;,&quot;checkout&quot;:&quot;2022-05-27&quot;},&quot;additionalneeds&quot;:&quot;Breakfast&quot;}&#10;" type="java.lang.AssertionError">java.lang.AssertionError: 
1 expectation failed.
Response body doesn't match expectation.
Expected: The content to match the given JSON schema.
warning: the following keywords are unknown and will be ignored: [$id, examples]
    level: "warning"
    schema: {"loadingURI":"file:/Users/macbook-m1/AquaProjects/Autoc0de-API/target/test-classes/bookingSchema.json#","pointer":""}
    domain: "syntax"
    ignored: ["$id","examples"]
warning: the following keywords are unknown and will be ignored: [$id, examples]
    level: "warning"
    schema: {"loadingURI":"file:/Users/macbook-m1/AquaProjects/Autoc0de-API/target/test-classes/bookingSchema.json#","pointer":"/properties/booking"}
    domain: "syntax"
    ignored: ["$id","examples"]
warning: the following keywords are unknown and will be ignored: [$id, examples]
    level: "warning"
    schema: {"loadingURI":"file:/Users/macbook-m1/AquaProjects/Autoc0de-API/target/test-classes/bookingSchema.json#","pointer":"/properties/booking/properties/additionalneeds"}
    domain: "syntax"
    ignored: ["$id","examples"]
warning: the following keywords are unknown and will be ignored: [$id, examples]
    level: "warning"
    schema: {"loadingURI":"file:/Users/macbook-m1/AquaProjects/Autoc0de-API/target/test-classes/bookingSchema.json#","pointer":"/properties/booking/properties/bookingdates"}
    domain: "syntax"
    ignored: ["$id","examples"]
warning: the following keywords are unknown and will be ignored: [$id, examples]
    level: "warning"
    schema: {"loadingURI":"file:/Users/macbook-m1/AquaProjects/Autoc0de-API/target/test-classes/bookingSchema.json#","pointer":"/properties/booking/properties/bookingdates/properties/checkin"}
    domain: "syntax"
    ignored: ["$id","examples"]
warning: the following keywords are unknown and will be ignored: [$id, examples]
    level: "warning"
    schema: {"loadingURI":"file:/Users/macbook-m1/AquaProjects/Autoc0de-API/target/test-classes/bookingSchema.json#","pointer":"/properties/booking/properties/bookingdates/properties/checkout"}
    domain: "syntax"
    ignored: ["$id","examples"]
warning: the following keywords are unknown and will be ignored: [$id, examples]
    level: "warning"
    schema: {"loadingURI":"file:/Users/macbook-m1/AquaProjects/Autoc0de-API/target/test-classes/bookingSchema.json#","pointer":"/properties/booking/properties/depositpaid"}
    domain: "syntax"
    ignored: ["$id","examples"]
warning: the following keywords are unknown and will be ignored: [$id, examples]
    level: "warning"
    schema: {"loadingURI":"file:/Users/macbook-m1/AquaProjects/Autoc0de-API/target/test-classes/bookingSchema.json#","pointer":"/properties/booking/properties/firstname"}
    domain: "syntax"
    ignored: ["$id","examples"]
warning: the following keywords are unknown and will be ignored: [$id, examples]
    level: "warning"
    schema: {"loadingURI":"file:/Users/macbook-m1/AquaProjects/Autoc0de-API/target/test-classes/bookingSchema.json#","pointer":"/properties/booking/properties/lastname"}
    domain: "syntax"
    ignored: ["$id","examples"]
warning: the following keywords are unknown and will be ignored: [$id, examples]
    level: "warning"
    schema: {"loadingURI":"file:/Users/macbook-m1/AquaProjects/Autoc0de-API/target/test-classes/bookingSchema.json#","pointer":"/properties/booking/properties/totalprice"}
    domain: "syntax"
    ignored: ["$id","examples"]
warning: the following keywords are unknown and will be ignored: [$id, examples]
    level: "warning"
    schema: {"loadingURI":"file:/Users/macbook-m1/AquaProjects/Autoc0de-API/target/test-classes/bookingSchema.json#","pointer":"/properties/bookingid"}
    domain: "syntax"
    ignored: ["$id","examples"]
error: object has missing required properties (["booking","bookingid"])
    level: "error"
    schema: {"loadingURI":"file:/Users/macbook-m1/AquaProjects/Autoc0de-API/target/test-classes/bookingSchema.json#","pointer":""}
    instance: {"pointer":""}
    domain: "validation"
    keyword: "required"
    required: ["booking","bookingid"]
    missing: ["booking","bookingid"]

  Actual: {"firstname":"Eric","lastname":"Ericsson","totalprice":351,"depositpaid":true,"bookingdates":{"checkin":"2018-07-31","checkout":"2022-05-27"},"additionalneeds":"Breakfast"}

</failure>
    <system-err><![CDATA[25053 [main] INFO net.thucydides.core.steps.ConsoleLoggingListener - 
        __    _____ _____ ____ _____   ____   _    ____  ____  _____ ____  
  _     \ \  |_   _| ____/ ___|_   _| |  _ \ / \  / ___|/ ___|| ____|  _ \ 
 (_)_____| |   | | |  _| \___ \ | |   | |_) / _ \ \___ \\___ \|  _| | | | |
  _|_____| |   | | | |___ ___) || |   |  __/ ___ \ ___) |___) | |___| |_| |
 (_)     | |   |_| |_____|____/ |_|   |_| /_/   \_\____/|____/|_____|____/ 
        /_/                                                                

TEST PASSED: Successfully retrieve filtered booking IDs by Checkout date
----------------------------------------------------------------------------
25055 [main] INFO net.thucydides.core.steps.ConsoleLoggingListener - 
 _____ _____ ____ _____   ____ _____  _    ____ _____ _____ ____  
|_   _| ____/ ___|_   _| / ___|_   _|/ \  |  _ \_   _| ____|  _ \ 
  | | |  _| \___ \ | |   \___ \ | | / _ \ | |_) || | |  _| | | | |
  | | | |___ ___) || |    ___) || |/ ___ \|  _ < | | | |___| |_| |
  |_| |_____|____/ |_|   |____/ |_/_/   \_\_| \_\|_| |_____|____/ 
                                                                  

TEST STARTED: Successfully retrieve a specific booking
-------------------------------------------------------------------(getbookingbyid;successfully-retrieve-a-specific-booking)
]]></system-err>
  </testcase>
  <testcase name="Invalid booking id" classname="GetBookingById" time="0.885"/>
  <testcase name="Empty search" classname="GetBookingById" time="0.849"/>
  <testcase name="Successfully update a current booking with a partial payload" classname="Update a current booking with a partial payload" time="1.229">
    <failure message="1 expectation failed.&#10;Response body doesn&apos;t match expectation.&#10;Expected: The content to match the given JSON schema.&#10;warning: the following keywords are unknown and will be ignored: [$id, examples]&#10;    level: &quot;warning&quot;&#10;    schema: {&quot;loadingURI&quot;:&quot;file:/Users/macbook-m1/AquaProjects/Autoc0de-API/target/test-classes/bookingSchema.json#&quot;,&quot;pointer&quot;:&quot;&quot;}&#10;    domain: &quot;syntax&quot;&#10;    ignored: [&quot;$id&quot;,&quot;examples&quot;]&#10;warning: the following keywords are unknown and will be ignored: [$id, examples]&#10;    level: &quot;warning&quot;&#10;    schema: {&quot;loadingURI&quot;:&quot;file:/Users/macbook-m1/AquaProjects/Autoc0de-API/target/test-classes/bookingSchema.json#&quot;,&quot;pointer&quot;:&quot;/properties/booking&quot;}&#10;    domain: &quot;syntax&quot;&#10;    ignored: [&quot;$id&quot;,&quot;examples&quot;]&#10;warning: the following keywords are unknown and will be ignored: [$id, examples]&#10;    level: &quot;warning&quot;&#10;    schema: {&quot;loadingURI&quot;:&quot;file:/Users/macbook-m1/AquaProjects/Autoc0de-API/target/test-classes/bookingSchema.json#&quot;,&quot;pointer&quot;:&quot;/properties/booking/properties/additionalneeds&quot;}&#10;    domain: &quot;syntax&quot;&#10;    ignored: [&quot;$id&quot;,&quot;examples&quot;]&#10;warning: the following keywords are unknown and will be ignored: [$id, examples]&#10;    level: &quot;warning&quot;&#10;    schema: {&quot;loadingURI&quot;:&quot;file:/Users/macbook-m1/AquaProjects/Autoc0de-API/target/test-classes/bookingSchema.json#&quot;,&quot;pointer&quot;:&quot;/properties/booking/properties/bookingdates&quot;}&#10;    domain: &quot;syntax&quot;&#10;    ignored: [&quot;$id&quot;,&quot;examples&quot;]&#10;warning: the following keywords are unknown and will be ignored: [$id, examples]&#10;    level: &quot;warning&quot;&#10;    schema: {&quot;loadingURI&quot;:&quot;file:/Users/macbook-m1/AquaProjects/Autoc0de-API/target/test-classes/bookingSchema.json#&quot;,&quot;pointer&quot;:&quot;/properties/booking/properties/bookingdates/properties/checkin&quot;}&#10;    domain: &quot;syntax&quot;&#10;    ignored: [&quot;$id&quot;,&quot;examples&quot;]&#10;warning: the following keywords are unknown and will be ignored: [$id, examples]&#10;    level: &quot;warning&quot;&#10;    schema: {&quot;loadingURI&quot;:&quot;file:/Users/macbook-m1/AquaProjects/Autoc0de-API/target/test-classes/bookingSchema.json#&quot;,&quot;pointer&quot;:&quot;/properties/booking/properties/bookingdates/properties/checkout&quot;}&#10;    domain: &quot;syntax&quot;&#10;    ignored: [&quot;$id&quot;,&quot;examples&quot;]&#10;warning: the following keywords are unknown and will be ignored: [$id, examples]&#10;    level: &quot;warning&quot;&#10;    schema: {&quot;loadingURI&quot;:&quot;file:/Users/macbook-m1/AquaProjects/Autoc0de-API/target/test-classes/bookingSchema.json#&quot;,&quot;pointer&quot;:&quot;/properties/booking/properties/depositpaid&quot;}&#10;    domain: &quot;syntax&quot;&#10;    ignored: [&quot;$id&quot;,&quot;examples&quot;]&#10;warning: the following keywords are unknown and will be ignored: [$id, examples]&#10;    level: &quot;warning&quot;&#10;    schema: {&quot;loadingURI&quot;:&quot;file:/Users/macbook-m1/AquaProjects/Autoc0de-API/target/test-classes/bookingSchema.json#&quot;,&quot;pointer&quot;:&quot;/properties/booking/properties/firstname&quot;}&#10;    domain: &quot;syntax&quot;&#10;    ignored: [&quot;$id&quot;,&quot;examples&quot;]&#10;warning: the following keywords are unknown and will be ignored: [$id, examples]&#10;    level: &quot;warning&quot;&#10;    schema: {&quot;loadingURI&quot;:&quot;file:/Users/macbook-m1/AquaProjects/Autoc0de-API/target/test-classes/bookingSchema.json#&quot;,&quot;pointer&quot;:&quot;/properties/booking/properties/lastname&quot;}&#10;    domain: &quot;syntax&quot;&#10;    ignored: [&quot;$id&quot;,&quot;examples&quot;]&#10;warning: the following keywords are unknown and will be ignored: [$id, examples]&#10;    level: &quot;warning&quot;&#10;    schema: {&quot;loadingURI&quot;:&quot;file:/Users/macbook-m1/AquaProjects/Autoc0de-API/target/test-classes/bookingSchema.json#&quot;,&quot;pointer&quot;:&quot;/properties/booking/properties/totalprice&quot;}&#10;    domain: &quot;syntax&quot;&#10;    ignored: [&quot;$id&quot;,&quot;examples&quot;]&#10;warning: the following keywords are unknown and will be ignored: [$id, examples]&#10;    level: &quot;warning&quot;&#10;    schema: {&quot;loadingURI&quot;:&quot;file:/Users/macbook-m1/AquaProjects/Autoc0de-API/target/test-classes/bookingSchema.json#&quot;,&quot;pointer&quot;:&quot;/properties/bookingid&quot;}&#10;    domain: &quot;syntax&quot;&#10;    ignored: [&quot;$id&quot;,&quot;examples&quot;]&#10;error: object has missing required properties ([&quot;booking&quot;,&quot;bookingid&quot;])&#10;    level: &quot;error&quot;&#10;    schema: {&quot;loadingURI&quot;:&quot;file:/Users/macbook-m1/AquaProjects/Autoc0de-API/target/test-classes/bookingSchema.json#&quot;,&quot;pointer&quot;:&quot;&quot;}&#10;    instance: {&quot;pointer&quot;:&quot;&quot;}&#10;    domain: &quot;validation&quot;&#10;    keyword: &quot;required&quot;&#10;    required: [&quot;booking&quot;,&quot;bookingid&quot;]&#10;    missing: [&quot;booking&quot;,&quot;bookingid&quot;]&#10;&#10;  Actual: {&quot;firstname&quot;:&quot;Jim&quot;,&quot;lastname&quot;:&quot;Brown&quot;,&quot;totalprice&quot;:437,&quot;depositpaid&quot;:true,&quot;bookingdates&quot;:{&quot;checkin&quot;:&quot;2022-09-07&quot;,&quot;checkout&quot;:&quot;2022-09-09&quot;}}&#10;" type="java.lang.AssertionError">java.lang.AssertionError: 
1 expectation failed.
Response body doesn't match expectation.
Expected: The content to match the given JSON schema.
warning: the following keywords are unknown and will be ignored: [$id, examples]
    level: "warning"
    schema: {"loadingURI":"file:/Users/macbook-m1/AquaProjects/Autoc0de-API/target/test-classes/bookingSchema.json#","pointer":""}
    domain: "syntax"
    ignored: ["$id","examples"]
warning: the following keywords are unknown and will be ignored: [$id, examples]
    level: "warning"
    schema: {"loadingURI":"file:/Users/macbook-m1/AquaProjects/Autoc0de-API/target/test-classes/bookingSchema.json#","pointer":"/properties/booking"}
    domain: "syntax"
    ignored: ["$id","examples"]
warning: the following keywords are unknown and will be ignored: [$id, examples]
    level: "warning"
    schema: {"loadingURI":"file:/Users/macbook-m1/AquaProjects/Autoc0de-API/target/test-classes/bookingSchema.json#","pointer":"/properties/booking/properties/additionalneeds"}
    domain: "syntax"
    ignored: ["$id","examples"]
warning: the following keywords are unknown and will be ignored: [$id, examples]
    level: "warning"
    schema: {"loadingURI":"file:/Users/macbook-m1/AquaProjects/Autoc0de-API/target/test-classes/bookingSchema.json#","pointer":"/properties/booking/properties/bookingdates"}
    domain: "syntax"
    ignored: ["$id","examples"]
warning: the following keywords are unknown and will be ignored: [$id, examples]
    level: "warning"
    schema: {"loadingURI":"file:/Users/macbook-m1/AquaProjects/Autoc0de-API/target/test-classes/bookingSchema.json#","pointer":"/properties/booking/properties/bookingdates/properties/checkin"}
    domain: "syntax"
    ignored: ["$id","examples"]
warning: the following keywords are unknown and will be ignored: [$id, examples]
    level: "warning"
    schema: {"loadingURI":"file:/Users/macbook-m1/AquaProjects/Autoc0de-API/target/test-classes/bookingSchema.json#","pointer":"/properties/booking/properties/bookingdates/properties/checkout"}
    domain: "syntax"
    ignored: ["$id","examples"]
warning: the following keywords are unknown and will be ignored: [$id, examples]
    level: "warning"
    schema: {"loadingURI":"file:/Users/macbook-m1/AquaProjects/Autoc0de-API/target/test-classes/bookingSchema.json#","pointer":"/properties/booking/properties/depositpaid"}
    domain: "syntax"
    ignored: ["$id","examples"]
warning: the following keywords are unknown and will be ignored: [$id, examples]
    level: "warning"
    schema: {"loadingURI":"file:/Users/macbook-m1/AquaProjects/Autoc0de-API/target/test-classes/bookingSchema.json#","pointer":"/properties/booking/properties/firstname"}
    domain: "syntax"
    ignored: ["$id","examples"]
warning: the following keywords are unknown and will be ignored: [$id, examples]
    level: "warning"
    schema: {"loadingURI":"file:/Users/macbook-m1/AquaProjects/Autoc0de-API/target/test-classes/bookingSchema.json#","pointer":"/properties/booking/properties/lastname"}
    domain: "syntax"
    ignored: ["$id","examples"]
warning: the following keywords are unknown and will be ignored: [$id, examples]
    level: "warning"
    schema: {"loadingURI":"file:/Users/macbook-m1/AquaProjects/Autoc0de-API/target/test-classes/bookingSchema.json#","pointer":"/properties/booking/properties/totalprice"}
    domain: "syntax"
    ignored: ["$id","examples"]
warning: the following keywords are unknown and will be ignored: [$id, examples]
    level: "warning"
    schema: {"loadingURI":"file:/Users/macbook-m1/AquaProjects/Autoc0de-API/target/test-classes/bookingSchema.json#","pointer":"/properties/bookingid"}
    domain: "syntax"
    ignored: ["$id","examples"]
error: object has missing required properties (["booking","bookingid"])
    level: "error"
    schema: {"loadingURI":"file:/Users/macbook-m1/AquaProjects/Autoc0de-API/target/test-classes/bookingSchema.json#","pointer":""}
    instance: {"pointer":""}
    domain: "validation"
    keyword: "required"
    required: ["booking","bookingid"]
    missing: ["booking","bookingid"]

  Actual: {"firstname":"Jim","lastname":"Brown","totalprice":437,"depositpaid":true,"bookingdates":{"checkin":"2022-09-07","checkout":"2022-09-09"}}

</failure>
    <system-err><![CDATA[27836 [main] INFO net.thucydides.core.steps.ConsoleLoggingListener - 
        __    _____ _____ ____ _____   ____   _    ____  ____  _____ ____  
  _     \ \  |_   _| ____/ ___|_   _| |  _ \ / \  / ___|/ ___|| ____|  _ \ 
 (_)_____| |   | | |  _| \___ \ | |   | |_) / _ \ \___ \\___ \|  _| | | | |
  _|_____| |   | | | |___ ___) || |   |  __/ ___ \ ___) |___) | |___| |_| |
 (_)     | |   |_| |_____|____/ |_|   |_| /_/   \_\____/|____/|_____|____/ 
        /_/                                                                

TEST PASSED: Empty search
----------------------------------------------------------------------------
27842 [main] INFO net.thucydides.core.steps.ConsoleLoggingListener - 
 _____ _____ ____ _____   ____ _____  _    ____ _____ _____ ____  
|_   _| ____/ ___|_   _| / ___|_   _|/ \  |  _ \_   _| ____|  _ \ 
  | | |  _| \___ \ | |   \___ \ | | / _ \ | |_) || | |  _| | | | |
  | | | |___ ___) || |    ___) || |/ ___ \|  _ < | | | |___| |_| |
  |_| |_____|____/ |_|   |____/ |_/_/   \_\_| \_\|_| |_____|____/ 
                                                                  

TEST STARTED: Successfully update a current booking with a partial payload
-------------------------------------------------------------------(update-a-current-booking-with-a-partial-payload;successfully-update-a-current-booking-with-a-partial-payload)
]]></system-err>
  </testcase>
  <testcase name="Invalid booking id" classname="Update a current booking with a partial payload" time="0.874">
    <failure message="expected:&lt;405&gt; but was:&lt;404&gt;" type="java.lang.AssertionError"><![CDATA[java.lang.AssertionError: expected:<405> but was:<404>
]]></failure>
    <system-err><![CDATA[29065 [main] ERROR net.thucydides.core.steps.ConsoleLoggingListener - 
           __  _____ _____ ____ _____   _____ _    ___ _     _____ ____  
  _       / / |_   _| ____/ ___|_   _| |  ___/ \  |_ _| |   | ____|  _ \ 
 (_)_____| |    | | |  _| \___ \ | |   | |_ / _ \  | || |   |  _| | | | |
  _|_____| |    | | | |___ ___) || |   |  _/ ___ \ | || |___| |___| |_| |
 (_)     | |    |_| |_____|____/ |_|   |_|/_/   \_\___|_____|_____|____/ 
          \_\                                                            

TEST FAILED: Successfully update a current booking with a partial payload
--------------------------------------------------------------------------
29066 [main] ERROR net.thucydides.core.steps.ConsoleLoggingListener - TEST FAILED AT STEP Check valid response: bookingSchema.json
29068 [main] ERROR net.thucydides.core.steps.ConsoleLoggingListener - 1 expectation failed.Response body doesn't match expectation.Expected: The content to match the given JSON schema.warning: the following keywords are unknown and will be ignored: [$id, examples]    level: "warning"    schema: {"loadingURI":"file:/Users/macbook-m1/AquaProjects/Autoc0de-API/target/test-classes/bookingSchema.json#","pointer":""}    domain: "syntax"    ignored: ["$id","examples"]warning: the following keywords are unknown and will be ignored: [$id, examples]    level: "warning"    schema: {"loadingURI":"file:/Users/macbook-m1/AquaProjects/Autoc0de-API/target/test-classes/bookingSchema.json#","pointer":"/properties/booking"}    domain: "syntax"    ignored: ["$id","examples"]warning: the following keywords are unknown and will be ignored: [$id, examples]    level: "warning"    schema: {"loadingURI":"file:/Users/macbook-m1/AquaProjects/Autoc0de-API/target/test-classes/bookingSchema.json#","pointer":"/properties/booking/properties/additionalneeds"}    domain: "syntax"    ignored: ["$id","examples"]warning: the following keywords are unknown and will be ignored: [$id, examples]    level: "warning"    schema: {"loadingURI":"file:/Users/macbook-m1/AquaProjects/Autoc0de-API/target/test-classes/bookingSchema.json#","pointer":"/properties/booking/properties/bookingdates"}    domain: "syntax"    ignored: ["$id","examples"]warning: the following keywords are unknown and will be ignored: [$id, examples]    level: "warning"    schema: {"loadingURI":"file:/Users/macbook-m1/AquaProjects/Autoc0de-API/target/test-classes/bookingSchema.json#","pointer":"/properties/booking/properties/bookingdates/properties/checkin"}    domain: "syntax"    ignored: ["$id","examples"]warning: the following keywords are unknown and will be ignored: [$id, examples]    level: "warning"    schema: {"loadingURI":"file:/Users/macbook-m1/AquaProjects/Autoc0de-API/target/test-classes/bookingSchema.json#","pointer":"/properties/booking/properties/bookingdates/properties/checkout"}    domain: "syntax"    ignored: ["$id","examples"]warning: the following keywords are unknown and will be ignored: [$id, examples]    level: "warning"    schema: {"loadingURI":"file:/Users/macbook-m1/AquaProjects/Autoc0de-API/target/test-classes/bookingSchema.json#","pointer":"/properties/booking/properties/depositpaid"}    domain: "syntax"    ignored: ["$id","examples"]warning: the following keywords are unknown and will be ignored: [$id, examples]    level: "warning"    schema: {"loadingURI":"file:/Users/macbook-m1/AquaProjects/Autoc0de-API/target/test-classes/bookingSchema.json#","pointer":"/properties/booking/properties/firstname"}    domain: "syntax"    ignored: ["$id","examples"]warning: the following keywords are unknown and will be ignored: [$id, examples]    level: "warning"    schema: {"loadingURI":"file:/Users/macbook-m1/AquaProjects/Autoc0de-API/target/test-classes/bookingSchema.json#","pointer":"/properties/booking/properties/lastname"}    domain: "syntax"    ignored: ["$id","examples"]warning: the following keywords are unknown and will be ignored: [$id, examples]    level: "warning"    schema: {"loadingURI":"file:/Users/macbook-m1/AquaProjects/Autoc0de-API/target/test-classes/bookingSchema.json#","pointer":"/properties/booking/properties/totalprice"}    domain: "syntax"    ignored: ["$id","examples"]warning: the following keywords are unknown and will be ignored: [$id, examples]    level: "warning"    schema: {"loadingURI":"file:/Users/macbook-m1/AquaProjects/Autoc0de-API/target/test-classes/bookingSchema.json#","pointer":"/properties/bookingid"}    domain: "syntax"    ignored: ["$id","examples"]error: object has missing required properties (["booking","bookingid"])    level: "error"    schema: {"loadingURI":"file:/Users/macbook-m1/AquaProjects/Autoc0de-API/target/test-classes/bookingSchema.json#","pointer":""}    instance: {"pointer":""}    domain: "validation"    keyword: "required"    required: ["booking","bookingid"]    missing: ["booking","bookingid"]  Actual: {"firstname":"Jim","lastname":"Brown","totalprice":437,"depositpaid":true,"bookingdates":{"checkin":"2022-09-07","checkout":"2022-09-09"}}
29076 [main] INFO net.thucydides.core.steps.ConsoleLoggingListener - 
 _____ _____ ____ _____   ____ _____  _    ____ _____ _____ ____  
|_   _| ____/ ___|_   _| / ___|_   _|/ \  |  _ \_   _| ____|  _ \ 
  | | |  _| \___ \ | |   \___ \ | | / _ \ | |_) || | |  _| | | | |
  | | | |___ ___) || |    ___) || |/ ___ \|  _ < | | | |___| |_| |
  |_| |_____|____/ |_|   |____/ |_/_/   \_\_| \_\|_| |_____|____/ 
                                                                  

TEST STARTED: Invalid booking id
-------------------------------------------------------------------(update-a-current-booking-with-a-partial-payload;invalid-booking-id)
]]></system-err>
  </testcase>
  <testcase name="Invalid partial payload" classname="Update a current booking with a partial payload" time="0.886">
    <failure message="expected:&lt;200&gt; but was:&lt;400&gt;" type="java.lang.AssertionError"><![CDATA[java.lang.AssertionError: expected:<200> but was:<400>
]]></failure>
    <system-err><![CDATA[29950 [main] ERROR net.thucydides.core.steps.ConsoleLoggingListener - 
           __  _____ _____ ____ _____   _____ _    ___ _     _____ ____  
  _       / / |_   _| ____/ ___|_   _| |  ___/ \  |_ _| |   | ____|  _ \ 
 (_)_____| |    | | |  _| \___ \ | |   | |_ / _ \  | || |   |  _| | | | |
  _|_____| |    | | | |___ ___) || |   |  _/ ___ \ | || |___| |___| |_| |
 (_)     | |    |_| |_____|____/ |_|   |_|/_/   \_\___|_____|_____|____/ 
          \_\                                                            

TEST FAILED: Invalid booking id
--------------------------------------------------------------------------
29951 [main] ERROR net.thucydides.core.steps.ConsoleLoggingListener - TEST FAILED AT STEP Assert status code: 404
29951 [main] ERROR net.thucydides.core.steps.ConsoleLoggingListener - expected:<405> but was:<404>
29956 [main] INFO net.thucydides.core.steps.ConsoleLoggingListener - 
 _____ _____ ____ _____   ____ _____  _    ____ _____ _____ ____  
|_   _| ____/ ___|_   _| / ___|_   _|/ \  |  _ \_   _| ____|  _ \ 
  | | |  _| \___ \ | |   \___ \ | | / _ \ | |_) || | |  _| | | | |
  | | | |___ ___) || |    ___) || |/ ___ \|  _ < | | | |___| |_| |
  |_| |_____|____/ |_|   |____/ |_/_/   \_\_| \_\|_| |_____|____/ 
                                                                  

TEST STARTED: Invalid partial payload
-------------------------------------------------------------------(update-a-current-booking-with-a-partial-payload;invalid-partial-payload)
]]></system-err>
  </testcase>
  <testcase name="Unauthorized access" classname="Update a current booking with a partial payload" time="0.87">
    <failure message="expected:&lt;403&gt; but was:&lt;401&gt;" type="java.lang.AssertionError"><![CDATA[java.lang.AssertionError: expected:<403> but was:<401>
]]></failure>
    <system-err><![CDATA[30840 [main] ERROR net.thucydides.core.steps.ConsoleLoggingListener - 
           __  _____ _____ ____ _____   _____ _    ___ _     _____ ____  
  _       / / |_   _| ____/ ___|_   _| |  ___/ \  |_ _| |   | ____|  _ \ 
 (_)_____| |    | | |  _| \___ \ | |   | |_ / _ \  | || |   |  _| | | | |
  _|_____| |    | | | |___ ___) || |   |  _/ ___ \ | || |___| |___| |_| |
 (_)     | |    |_| |_____|____/ |_|   |_|/_/   \_\___|_____|_____|____/ 
          \_\                                                            

TEST FAILED: Invalid partial payload
--------------------------------------------------------------------------
30840 [main] ERROR net.thucydides.core.steps.ConsoleLoggingListener - TEST FAILED AT STEP Assert status code: 400
30841 [main] ERROR net.thucydides.core.steps.ConsoleLoggingListener - expected:<200> but was:<400>
30850 [main] INFO net.thucydides.core.steps.ConsoleLoggingListener - 
 _____ _____ ____ _____   ____ _____  _    ____ _____ _____ ____  
|_   _| ____/ ___|_   _| / ___|_   _|/ \  |  _ \_   _| ____|  _ \ 
  | | |  _| \___ \ | |   \___ \ | | / _ \ | |_) || | |  _| | | | |
  | | | |___ ___) || |    ___) || |/ ___ \|  _ < | | | |___| |_| |
  |_| |_____|____/ |_|   |____/ |_/_/   \_\_| \_\|_| |_____|____/ 
                                                                  

TEST STARTED: Unauthorized access
-------------------------------------------------------------------(update-a-current-booking-with-a-partial-payload;unauthorized-access)
]]></system-err>
  </testcase>
  <testcase name="Successfully update a current booking with a partial payload in XML format" classname="Update a current booking with a partial payload" time="0.853"/>
  <testcase name="Successfully update a current booking with a partial payload in URL-encoded format" classname="Update a current booking with a partial payload" time="0.823">
    <failure message="expected:&lt;415&gt; but was:&lt;200&gt;" type="java.lang.AssertionError"><![CDATA[java.lang.AssertionError: expected:<415> but was:<200>
]]></failure>
    <system-err><![CDATA[32581 [main] INFO net.thucydides.core.steps.ConsoleLoggingListener - 
        __    _____ _____ ____ _____   ____   _    ____  ____  _____ ____  
  _     \ \  |_   _| ____/ ___|_   _| |  _ \ / \  / ___|/ ___|| ____|  _ \ 
 (_)_____| |   | | |  _| \___ \ | |   | |_) / _ \ \___ \\___ \|  _| | | | |
  _|_____| |   | | | |___ ___) || |   |  __/ ___ \ ___) |___) | |___| |_| |
 (_)     | |   |_| |_____|____/ |_|   |_| /_/   \_\____/|____/|_____|____/ 
        /_/                                                                

TEST PASSED: Successfully update a current booking with a partial payload in XML format
----------------------------------------------------------------------------
32586 [main] INFO net.thucydides.core.steps.ConsoleLoggingListener - 
 _____ _____ ____ _____   ____ _____  _    ____ _____ _____ ____  
|_   _| ____/ ___|_   _| / ___|_   _|/ \  |  _ \_   _| ____|  _ \ 
  | | |  _| \___ \ | |   \___ \ | | / _ \ | |_) || | |  _| | | | |
  | | | |___ ___) || |    ___) || |/ ___ \|  _ < | | | |___| |_| |
  |_| |_____|____/ |_|   |____/ |_/_/   \_\_| \_\|_| |_____|____/ 
                                                                  

TEST STARTED: Successfully update a current booking with a partial payload in URL-encoded format
-------------------------------------------------------------------(update-a-current-booking-with-a-partial-payload;successfully-update-a-current-booking-with-a-partial-payload-in-url-encoded-format)
]]></system-err>
  </testcase>
  <testcase name="Successfully update a current booking" classname="Update a current booking" time="0.98">
    <failure message="1 expectation failed.&#10;Response body doesn&apos;t match expectation.&#10;Expected: The content to match the given JSON schema.&#10;warning: the following keywords are unknown and will be ignored: [$id, examples]&#10;    level: &quot;warning&quot;&#10;    schema: {&quot;loadingURI&quot;:&quot;file:/Users/macbook-m1/AquaProjects/Autoc0de-API/target/test-classes/bookingSchema.json#&quot;,&quot;pointer&quot;:&quot;&quot;}&#10;    domain: &quot;syntax&quot;&#10;    ignored: [&quot;$id&quot;,&quot;examples&quot;]&#10;warning: the following keywords are unknown and will be ignored: [$id, examples]&#10;    level: &quot;warning&quot;&#10;    schema: {&quot;loadingURI&quot;:&quot;file:/Users/macbook-m1/AquaProjects/Autoc0de-API/target/test-classes/bookingSchema.json#&quot;,&quot;pointer&quot;:&quot;/properties/booking&quot;}&#10;    domain: &quot;syntax&quot;&#10;    ignored: [&quot;$id&quot;,&quot;examples&quot;]&#10;warning: the following keywords are unknown and will be ignored: [$id, examples]&#10;    level: &quot;warning&quot;&#10;    schema: {&quot;loadingURI&quot;:&quot;file:/Users/macbook-m1/AquaProjects/Autoc0de-API/target/test-classes/bookingSchema.json#&quot;,&quot;pointer&quot;:&quot;/properties/booking/properties/additionalneeds&quot;}&#10;    domain: &quot;syntax&quot;&#10;    ignored: [&quot;$id&quot;,&quot;examples&quot;]&#10;warning: the following keywords are unknown and will be ignored: [$id, examples]&#10;    level: &quot;warning&quot;&#10;    schema: {&quot;loadingURI&quot;:&quot;file:/Users/macbook-m1/AquaProjects/Autoc0de-API/target/test-classes/bookingSchema.json#&quot;,&quot;pointer&quot;:&quot;/properties/booking/properties/bookingdates&quot;}&#10;    domain: &quot;syntax&quot;&#10;    ignored: [&quot;$id&quot;,&quot;examples&quot;]&#10;warning: the following keywords are unknown and will be ignored: [$id, examples]&#10;    level: &quot;warning&quot;&#10;    schema: {&quot;loadingURI&quot;:&quot;file:/Users/macbook-m1/AquaProjects/Autoc0de-API/target/test-classes/bookingSchema.json#&quot;,&quot;pointer&quot;:&quot;/properties/booking/properties/bookingdates/properties/checkin&quot;}&#10;    domain: &quot;syntax&quot;&#10;    ignored: [&quot;$id&quot;,&quot;examples&quot;]&#10;warning: the following keywords are unknown and will be ignored: [$id, examples]&#10;    level: &quot;warning&quot;&#10;    schema: {&quot;loadingURI&quot;:&quot;file:/Users/macbook-m1/AquaProjects/Autoc0de-API/target/test-classes/bookingSchema.json#&quot;,&quot;pointer&quot;:&quot;/properties/booking/properties/bookingdates/properties/checkout&quot;}&#10;    domain: &quot;syntax&quot;&#10;    ignored: [&quot;$id&quot;,&quot;examples&quot;]&#10;warning: the following keywords are unknown and will be ignored: [$id, examples]&#10;    level: &quot;warning&quot;&#10;    schema: {&quot;loadingURI&quot;:&quot;file:/Users/macbook-m1/AquaProjects/Autoc0de-API/target/test-classes/bookingSchema.json#&quot;,&quot;pointer&quot;:&quot;/properties/booking/properties/depositpaid&quot;}&#10;    domain: &quot;syntax&quot;&#10;    ignored: [&quot;$id&quot;,&quot;examples&quot;]&#10;warning: the following keywords are unknown and will be ignored: [$id, examples]&#10;    level: &quot;warning&quot;&#10;    schema: {&quot;loadingURI&quot;:&quot;file:/Users/macbook-m1/AquaProjects/Autoc0de-API/target/test-classes/bookingSchema.json#&quot;,&quot;pointer&quot;:&quot;/properties/booking/properties/firstname&quot;}&#10;    domain: &quot;syntax&quot;&#10;    ignored: [&quot;$id&quot;,&quot;examples&quot;]&#10;warning: the following keywords are unknown and will be ignored: [$id, examples]&#10;    level: &quot;warning&quot;&#10;    schema: {&quot;loadingURI&quot;:&quot;file:/Users/macbook-m1/AquaProjects/Autoc0de-API/target/test-classes/bookingSchema.json#&quot;,&quot;pointer&quot;:&quot;/properties/booking/properties/lastname&quot;}&#10;    domain: &quot;syntax&quot;&#10;    ignored: [&quot;$id&quot;,&quot;examples&quot;]&#10;warning: the following keywords are unknown and will be ignored: [$id, examples]&#10;    level: &quot;warning&quot;&#10;    schema: {&quot;loadingURI&quot;:&quot;file:/Users/macbook-m1/AquaProjects/Autoc0de-API/target/test-classes/bookingSchema.json#&quot;,&quot;pointer&quot;:&quot;/properties/booking/properties/totalprice&quot;}&#10;    domain: &quot;syntax&quot;&#10;    ignored: [&quot;$id&quot;,&quot;examples&quot;]&#10;warning: the following keywords are unknown and will be ignored: [$id, examples]&#10;    level: &quot;warning&quot;&#10;    schema: {&quot;loadingURI&quot;:&quot;file:/Users/macbook-m1/AquaProjects/Autoc0de-API/target/test-classes/bookingSchema.json#&quot;,&quot;pointer&quot;:&quot;/properties/bookingid&quot;}&#10;    domain: &quot;syntax&quot;&#10;    ignored: [&quot;$id&quot;,&quot;examples&quot;]&#10;error: object has missing required properties ([&quot;booking&quot;,&quot;bookingid&quot;])&#10;    level: &quot;error&quot;&#10;    schema: {&quot;loadingURI&quot;:&quot;file:/Users/macbook-m1/AquaProjects/Autoc0de-API/target/test-classes/bookingSchema.json#&quot;,&quot;pointer&quot;:&quot;&quot;}&#10;    instance: {&quot;pointer&quot;:&quot;&quot;}&#10;    domain: &quot;validation&quot;&#10;    keyword: &quot;required&quot;&#10;    required: [&quot;booking&quot;,&quot;bookingid&quot;]&#10;    missing: [&quot;booking&quot;,&quot;bookingid&quot;]&#10;&#10;  Actual: {&quot;firstname&quot;:&quot;Jim&quot;,&quot;lastname&quot;:&quot;Brown&quot;,&quot;totalprice&quot;:234,&quot;depositpaid&quot;:true,&quot;bookingdates&quot;:{&quot;checkin&quot;:&quot;2019-01-01&quot;,&quot;checkout&quot;:&quot;2020-01-01&quot;},&quot;additionalneeds&quot;:&quot;Breakfast and dinner&quot;}&#10;" type="java.lang.AssertionError">java.lang.AssertionError: 
1 expectation failed.
Response body doesn't match expectation.
Expected: The content to match the given JSON schema.
warning: the following keywords are unknown and will be ignored: [$id, examples]
    level: "warning"
    schema: {"loadingURI":"file:/Users/macbook-m1/AquaProjects/Autoc0de-API/target/test-classes/bookingSchema.json#","pointer":""}
    domain: "syntax"
    ignored: ["$id","examples"]
warning: the following keywords are unknown and will be ignored: [$id, examples]
    level: "warning"
    schema: {"loadingURI":"file:/Users/macbook-m1/AquaProjects/Autoc0de-API/target/test-classes/bookingSchema.json#","pointer":"/properties/booking"}
    domain: "syntax"
    ignored: ["$id","examples"]
warning: the following keywords are unknown and will be ignored: [$id, examples]
    level: "warning"
    schema: {"loadingURI":"file:/Users/macbook-m1/AquaProjects/Autoc0de-API/target/test-classes/bookingSchema.json#","pointer":"/properties/booking/properties/additionalneeds"}
    domain: "syntax"
    ignored: ["$id","examples"]
warning: the following keywords are unknown and will be ignored: [$id, examples]
    level: "warning"
    schema: {"loadingURI":"file:/Users/macbook-m1/AquaProjects/Autoc0de-API/target/test-classes/bookingSchema.json#","pointer":"/properties/booking/properties/bookingdates"}
    domain: "syntax"
    ignored: ["$id","examples"]
warning: the following keywords are unknown and will be ignored: [$id, examples]
    level: "warning"
    schema: {"loadingURI":"file:/Users/macbook-m1/AquaProjects/Autoc0de-API/target/test-classes/bookingSchema.json#","pointer":"/properties/booking/properties/bookingdates/properties/checkin"}
    domain: "syntax"
    ignored: ["$id","examples"]
warning: the following keywords are unknown and will be ignored: [$id, examples]
    level: "warning"
    schema: {"loadingURI":"file:/Users/macbook-m1/AquaProjects/Autoc0de-API/target/test-classes/bookingSchema.json#","pointer":"/properties/booking/properties/bookingdates/properties/checkout"}
    domain: "syntax"
    ignored: ["$id","examples"]
warning: the following keywords are unknown and will be ignored: [$id, examples]
    level: "warning"
    schema: {"loadingURI":"file:/Users/macbook-m1/AquaProjects/Autoc0de-API/target/test-classes/bookingSchema.json#","pointer":"/properties/booking/properties/depositpaid"}
    domain: "syntax"
    ignored: ["$id","examples"]
warning: the following keywords are unknown and will be ignored: [$id, examples]
    level: "warning"
    schema: {"loadingURI":"file:/Users/macbook-m1/AquaProjects/Autoc0de-API/target/test-classes/bookingSchema.json#","pointer":"/properties/booking/properties/firstname"}
    domain: "syntax"
    ignored: ["$id","examples"]
warning: the following keywords are unknown and will be ignored: [$id, examples]
    level: "warning"
    schema: {"loadingURI":"file:/Users/macbook-m1/AquaProjects/Autoc0de-API/target/test-classes/bookingSchema.json#","pointer":"/properties/booking/properties/lastname"}
    domain: "syntax"
    ignored: ["$id","examples"]
warning: the following keywords are unknown and will be ignored: [$id, examples]
    level: "warning"
    schema: {"loadingURI":"file:/Users/macbook-m1/AquaProjects/Autoc0de-API/target/test-classes/bookingSchema.json#","pointer":"/properties/booking/properties/totalprice"}
    domain: "syntax"
    ignored: ["$id","examples"]
warning: the following keywords are unknown and will be ignored: [$id, examples]
    level: "warning"
    schema: {"loadingURI":"file:/Users/macbook-m1/AquaProjects/Autoc0de-API/target/test-classes/bookingSchema.json#","pointer":"/properties/bookingid"}
    domain: "syntax"
    ignored: ["$id","examples"]
error: object has missing required properties (["booking","bookingid"])
    level: "error"
    schema: {"loadingURI":"file:/Users/macbook-m1/AquaProjects/Autoc0de-API/target/test-classes/bookingSchema.json#","pointer":""}
    instance: {"pointer":""}
    domain: "validation"
    keyword: "required"
    required: ["booking","bookingid"]
    missing: ["booking","bookingid"]

  Actual: {"firstname":"Jim","lastname":"Brown","totalprice":234,"depositpaid":true,"bookingdates":{"checkin":"2019-01-01","checkout":"2020-01-01"},"additionalneeds":"Breakfast and dinner"}

</failure>
    <system-err><![CDATA[33410 [main] ERROR net.thucydides.core.steps.ConsoleLoggingListener - 
           __  _____ _____ ____ _____   _____ _    ___ _     _____ ____  
  _       / / |_   _| ____/ ___|_   _| |  ___/ \  |_ _| |   | ____|  _ \ 
 (_)_____| |    | | |  _| \___ \ | |   | |_ / _ \  | || |   |  _| | | | |
  _|_____| |    | | | |___ ___) || |   |  _/ ___ \ | || |___| |___| |_| |
 (_)     | |    |_| |_____|____/ |_|   |_|/_/   \_\___|_____|_____|____/ 
          \_\                                                            

TEST FAILED: Successfully update a current booking with a partial payload in URL-encoded format
--------------------------------------------------------------------------
33412 [main] ERROR net.thucydides.core.steps.ConsoleLoggingListener - TEST FAILED AT STEP Assert status code: 200
33412 [main] ERROR net.thucydides.core.steps.ConsoleLoggingListener - expected:<415> but was:<200>
33417 [main] INFO net.thucydides.core.steps.ConsoleLoggingListener - 
 _____ _____ ____ _____   ____ _____  _    ____ _____ _____ ____  
|_   _| ____/ ___|_   _| / ___|_   _|/ \  |  _ \_   _| ____|  _ \ 
  | | |  _| \___ \ | |   \___ \ | | / _ \ | |_) || | |  _| | | | |
  | | | |___ ___) || |    ___) || |/ ___ \|  _ < | | | |___| |_| |
  |_| |_____|____/ |_|   |____/ |_/_/   \_\_| \_\|_| |_____|____/ 
                                                                  

TEST STARTED: Successfully update a current booking
-------------------------------------------------------------------(update-a-current-booking;successfully-update-a-current-booking)
]]></system-err>
  </testcase>
  <testcase name="Invalid booking id" classname="Update a current booking" time="1.013">
    <failure message="expected:&lt;405&gt; but was:&lt;404&gt;" type="java.lang.AssertionError"><![CDATA[java.lang.AssertionError: expected:<405> but was:<404>
]]></failure>
    <system-err><![CDATA[34397 [main] ERROR net.thucydides.core.steps.ConsoleLoggingListener - 
           __  _____ _____ ____ _____   _____ _    ___ _     _____ ____  
  _       / / |_   _| ____/ ___|_   _| |  ___/ \  |_ _| |   | ____|  _ \ 
 (_)_____| |    | | |  _| \___ \ | |   | |_ / _ \  | || |   |  _| | | | |
  _|_____| |    | | | |___ ___) || |   |  _/ ___ \ | || |___| |___| |_| |
 (_)     | |    |_| |_____|____/ |_|   |_|/_/   \_\___|_____|_____|____/ 
          \_\                                                            

TEST FAILED: Successfully update a current booking
--------------------------------------------------------------------------
34397 [main] ERROR net.thucydides.core.steps.ConsoleLoggingListener - TEST FAILED AT STEP Check valid response: bookingSchema.json
34399 [main] ERROR net.thucydides.core.steps.ConsoleLoggingListener - 1 expectation failed.Response body doesn't match expectation.Expected: The content to match the given JSON schema.warning: the following keywords are unknown and will be ignored: [$id, examples]    level: "warning"    schema: {"loadingURI":"file:/Users/macbook-m1/AquaProjects/Autoc0de-API/target/test-classes/bookingSchema.json#","pointer":""}    domain: "syntax"    ignored: ["$id","examples"]warning: the following keywords are unknown and will be ignored: [$id, examples]    level: "warning"    schema: {"loadingURI":"file:/Users/macbook-m1/AquaProjects/Autoc0de-API/target/test-classes/bookingSchema.json#","pointer":"/properties/booking"}    domain: "syntax"    ignored: ["$id","examples"]warning: the following keywords are unknown and will be ignored: [$id, examples]    level: "warning"    schema: {"loadingURI":"file:/Users/macbook-m1/AquaProjects/Autoc0de-API/target/test-classes/bookingSchema.json#","pointer":"/properties/booking/properties/additionalneeds"}    domain: "syntax"    ignored: ["$id","examples"]warning: the following keywords are unknown and will be ignored: [$id, examples]    level: "warning"    schema: {"loadingURI":"file:/Users/macbook-m1/AquaProjects/Autoc0de-API/target/test-classes/bookingSchema.json#","pointer":"/properties/booking/properties/bookingdates"}    domain: "syntax"    ignored: ["$id","examples"]warning: the following keywords are unknown and will be ignored: [$id, examples]    level: "warning"    schema: {"loadingURI":"file:/Users/macbook-m1/AquaProjects/Autoc0de-API/target/test-classes/bookingSchema.json#","pointer":"/properties/booking/properties/bookingdates/properties/checkin"}    domain: "syntax"    ignored: ["$id","examples"]warning: the following keywords are unknown and will be ignored: [$id, examples]    level: "warning"    schema: {"loadingURI":"file:/Users/macbook-m1/AquaProjects/Autoc0de-API/target/test-classes/bookingSchema.json#","pointer":"/properties/booking/properties/bookingdates/properties/checkout"}    domain: "syntax"    ignored: ["$id","examples"]warning: the following keywords are unknown and will be ignored: [$id, examples]    level: "warning"    schema: {"loadingURI":"file:/Users/macbook-m1/AquaProjects/Autoc0de-API/target/test-classes/bookingSchema.json#","pointer":"/properties/booking/properties/depositpaid"}    domain: "syntax"    ignored: ["$id","examples"]warning: the following keywords are unknown and will be ignored: [$id, examples]    level: "warning"    schema: {"loadingURI":"file:/Users/macbook-m1/AquaProjects/Autoc0de-API/target/test-classes/bookingSchema.json#","pointer":"/properties/booking/properties/firstname"}    domain: "syntax"    ignored: ["$id","examples"]warning: the following keywords are unknown and will be ignored: [$id, examples]    level: "warning"    schema: {"loadingURI":"file:/Users/macbook-m1/AquaProjects/Autoc0de-API/target/test-classes/bookingSchema.json#","pointer":"/properties/booking/properties/lastname"}    domain: "syntax"    ignored: ["$id","examples"]warning: the following keywords are unknown and will be ignored: [$id, examples]    level: "warning"    schema: {"loadingURI":"file:/Users/macbook-m1/AquaProjects/Autoc0de-API/target/test-classes/bookingSchema.json#","pointer":"/properties/booking/properties/totalprice"}    domain: "syntax"    ignored: ["$id","examples"]warning: the following keywords are unknown and will be ignored: [$id, examples]    level: "warning"    schema: {"loadingURI":"file:/Users/macbook-m1/AquaProjects/Autoc0de-API/target/test-classes/bookingSchema.json#","pointer":"/properties/bookingid"}    domain: "syntax"    ignored: ["$id","examples"]error: object has missing required properties (["booking","bookingid"])    level: "error"    schema: {"loadingURI":"file:/Users/macbook-m1/AquaProjects/Autoc0de-API/target/test-classes/bookingSchema.json#","pointer":""}    instance: {"pointer":""}    domain: "validation"    keyword: "required"    required: ["booking","bookingid"]    missing: ["booking","bookingid"]  Actual: {"firstname":"Jim","lastname":"Brown","totalprice":234,"depositpaid":true,"bookingdates":{"checkin":"2019-01-01","checkout":"2020-01-01"},"additionalneeds":"Breakfast and dinner"}
34402 [main] INFO net.thucydides.core.steps.ConsoleLoggingListener - 
 _____ _____ ____ _____   ____ _____  _    ____ _____ _____ ____  
|_   _| ____/ ___|_   _| / ___|_   _|/ \  |  _ \_   _| ____|  _ \ 
  | | |  _| \___ \ | |   \___ \ | | / _ \ | |_) || | |  _| | | | |
  | | | |___ ___) || |    ___) || |/ ___ \|  _ < | | | |___| |_| |
  |_| |_____|____/ |_|   |____/ |_/_/   \_\_| \_\|_| |_____|____/ 
                                                                  

TEST STARTED: Invalid booking id
-------------------------------------------------------------------(update-a-current-booking;invalid-booking-id)
]]></system-err>
  </testcase>
  <testcase name="Invalid booking information" classname="Update a current booking" time="1.356">
    <failure message="expected:&lt;200&gt; but was:&lt;400&gt;" type="java.lang.AssertionError"><![CDATA[java.lang.AssertionError: expected:<200> but was:<400>
]]></failure>
    <system-err><![CDATA[35413 [main] ERROR net.thucydides.core.steps.ConsoleLoggingListener - 
           __  _____ _____ ____ _____   _____ _    ___ _     _____ ____  
  _       / / |_   _| ____/ ___|_   _| |  ___/ \  |_ _| |   | ____|  _ \ 
 (_)_____| |    | | |  _| \___ \ | |   | |_ / _ \  | || |   |  _| | | | |
  _|_____| |    | | | |___ ___) || |   |  _/ ___ \ | || |___| |___| |_| |
 (_)     | |    |_| |_____|____/ |_|   |_|/_/   \_\___|_____|_____|____/ 
          \_\                                                            

TEST FAILED: Invalid booking id
--------------------------------------------------------------------------
35413 [main] ERROR net.thucydides.core.steps.ConsoleLoggingListener - TEST FAILED AT STEP Assert status code: 404
35413 [main] ERROR net.thucydides.core.steps.ConsoleLoggingListener - expected:<405> but was:<404>
35417 [main] INFO net.thucydides.core.steps.ConsoleLoggingListener - 
 _____ _____ ____ _____   ____ _____  _    ____ _____ _____ ____  
|_   _| ____/ ___|_   _| / ___|_   _|/ \  |  _ \_   _| ____|  _ \ 
  | | |  _| \___ \ | |   \___ \ | | / _ \ | |_) || | |  _| | | | |
  | | | |___ ___) || |    ___) || |/ ___ \|  _ < | | | |___| |_| |
  |_| |_____|____/ |_|   |____/ |_/_/   \_\_| \_\|_| |_____|____/ 
                                                                  

TEST STARTED: Invalid booking information
-------------------------------------------------------------------(update-a-current-booking;invalid-booking-information)
]]></system-err>
  </testcase>
  <testcase name="Unauthorized access" classname="Update a current booking" time="1.32">
    <failure message="expected:&lt;403&gt; but was:&lt;401&gt;" type="java.lang.AssertionError"><![CDATA[java.lang.AssertionError: expected:<403> but was:<401>
]]></failure>
    <system-err><![CDATA[36771 [main] ERROR net.thucydides.core.steps.ConsoleLoggingListener - 
           __  _____ _____ ____ _____   _____ _    ___ _     _____ ____  
  _       / / |_   _| ____/ ___|_   _| |  ___/ \  |_ _| |   | ____|  _ \ 
 (_)_____| |    | | |  _| \___ \ | |   | |_ / _ \  | || |   |  _| | | | |
  _|_____| |    | | | |___ ___) || |   |  _/ ___ \ | || |___| |___| |_| |
 (_)     | |    |_| |_____|____/ |_|   |_|/_/   \_\___|_____|_____|____/ 
          \_\                                                            

TEST FAILED: Invalid booking information
--------------------------------------------------------------------------
36771 [main] ERROR net.thucydides.core.steps.ConsoleLoggingListener - TEST FAILED AT STEP Assert status code: 400
36771 [main] ERROR net.thucydides.core.steps.ConsoleLoggingListener - expected:<200> but was:<400>
36774 [main] INFO net.thucydides.core.steps.ConsoleLoggingListener - 
 _____ _____ ____ _____   ____ _____  _    ____ _____ _____ ____  
|_   _| ____/ ___|_   _| / ___|_   _|/ \  |  _ \_   _| ____|  _ \ 
  | | |  _| \___ \ | |   \___ \ | | / _ \ | |_) || | |  _| | | | |
  | | | |___ ___) || |    ___) || |/ ___ \|  _ < | | | |___| |_| |
  |_| |_____|____/ |_|   |____/ |_/_/   \_\_| \_\|_| |_____|____/ 
                                                                  

TEST STARTED: Unauthorized access
-------------------------------------------------------------------(update-a-current-booking;unauthorized-access)
]]></system-err>
  </testcase>
  <testcase name="Successfully update a current booking with XML body" classname="Update a current booking" time="0.942">
    <failure message="expected:&lt;400&gt; but was:&lt;200&gt;" type="java.lang.AssertionError"><![CDATA[java.lang.AssertionError: expected:<400> but was:<200>
]]></failure>
    <system-err><![CDATA[38093 [main] ERROR net.thucydides.core.steps.ConsoleLoggingListener - 
           __  _____ _____ ____ _____   _____ _    ___ _     _____ ____  
  _       / / |_   _| ____/ ___|_   _| |  ___/ \  |_ _| |   | ____|  _ \ 
 (_)_____| |    | | |  _| \___ \ | |   | |_ / _ \  | || |   |  _| | | | |
  _|_____| |    | | | |___ ___) || |   |  _/ ___ \ | || |___| |___| |_| |
 (_)     | |    |_| |_____|____/ |_|   |_|/_/   \_\___|_____|_____|____/ 
          \_\                                                            

TEST FAILED: Unauthorized access
--------------------------------------------------------------------------
38094 [main] ERROR net.thucydides.core.steps.ConsoleLoggingListener - TEST FAILED AT STEP Assert status code: 401
38094 [main] ERROR net.thucydides.core.steps.ConsoleLoggingListener - expected:<403> but was:<401>
38097 [main] INFO net.thucydides.core.steps.ConsoleLoggingListener - 
 _____ _____ ____ _____   ____ _____  _    ____ _____ _____ ____  
|_   _| ____/ ___|_   _| / ___|_   _|/ \  |  _ \_   _| ____|  _ \ 
  | | |  _| \___ \ | |   \___ \ | | / _ \ | |_) || | |  _| | | | |
  | | | |___ ___) || |    ___) || |/ ___ \|  _ < | | | |___| |_| |
  |_| |_____|____/ |_|   |____/ |_/_/   \_\_| \_\|_| |_____|____/ 
                                                                  

TEST STARTED: Successfully update a current booking with XML body
-------------------------------------------------------------------(update-a-current-booking;successfully-update-a-current-booking-with-xml-body)
]]></system-err>
  </testcase>
  <testcase name="Successfully update a current booking with URL-encoded body" classname="Update a current booking" time="0.997">
    <failure message="expected:&lt;415&gt; but was:&lt;200&gt;" type="java.lang.AssertionError"><![CDATA[java.lang.AssertionError: expected:<415> but was:<200>
]]></failure>
    <system-err><![CDATA[39038 [main] ERROR net.thucydides.core.steps.ConsoleLoggingListener - 
           __  _____ _____ ____ _____   _____ _    ___ _     _____ ____  
  _       / / |_   _| ____/ ___|_   _| |  ___/ \  |_ _| |   | ____|  _ \ 
 (_)_____| |    | | |  _| \___ \ | |   | |_ / _ \  | || |   |  _| | | | |
  _|_____| |    | | | |___ ___) || |   |  _/ ___ \ | || |___| |___| |_| |
 (_)     | |    |_| |_____|____/ |_|   |_|/_/   \_\___|_____|_____|____/ 
          \_\                                                            

TEST FAILED: Successfully update a current booking with XML body
--------------------------------------------------------------------------
39039 [main] ERROR net.thucydides.core.steps.ConsoleLoggingListener - TEST FAILED AT STEP Assert status code: 200
39039 [main] ERROR net.thucydides.core.steps.ConsoleLoggingListener - expected:<400> but was:<200>
39041 [main] INFO net.thucydides.core.steps.ConsoleLoggingListener - 
 _____ _____ ____ _____   ____ _____  _    ____ _____ _____ ____  
|_   _| ____/ ___|_   _| / ___|_   _|/ \  |  _ \_   _| ____|  _ \ 
  | | |  _| \___ \ | |   \___ \ | | / _ \ | |_) || | |  _| | | | |
  | | | |___ ___) || |    ___) || |/ ___ \|  _ < | | | |___| |_| |
  |_| |_____|____/ |_|   |____/ |_/_/   \_\_| \_\|_| |_____|____/ 
                                                                  

TEST STARTED: Successfully update a current booking with URL-encoded body
-------------------------------------------------------------------(update-a-current-booking;successfully-update-a-current-booking-with-url-encoded-body)
]]></system-err>
  </testcase>
  <testcase name="Successfully perform a health check" classname="Health check" time="0.998"/>
</testsuite>