<?xml version="1.0" encoding="UTF-8"?>
<testsuite xmlns:xsi="http://www.w3.org/2001/XMLSchema-instance" xsi:schemaLocation="https://maven.apache.org/surefire/maven-surefire-plugin/xsd/surefire-test-report.xsd" name="Runner.CucumberRunner" time="12.176" tests="3" errors="0" skipped="0" failures="0">
  <properties>
[...]
</properties>
  <testcase name="Successfully create a new pet" classname="PetSwagger Test" time="6.6"/>
  <testcase name="Successfully get a pet" classname="PetSwagger Test" time="1.07"/>
  <testcase name="Successfully modified a pet" classname="PetSwagger Test" time="1.057"/>
</testsuite>