<?xml version="1.0" encoding="UTF-8"?><testsuite errors="0" failures="1" name="GetBookingById" skipped="0" tests="3" time="2.77" timestamp="2023-01-17 04:17:41"><testcase name="Successfully retrieve a specific booking"><failure message="1 expectation failed.&#10;Response body doesn't match expectation.&#10;Expected: The content to match the given JSON schema.&#10;warning: the following keywords are unknown and will be ignored: [$id, examples]&#10;    level: &quot;warning&quot;&#10;    schema: {&quot;loadingURI&quot;:&quot;file:/Users/macbook-m1/AquaProjects/Autoc0de-API/target/test-classes/bookingSchema.json#&quot;,&quot;pointer&quot;:&quot;&quot;}&#10;    domain: &quot;syntax&quot;&#10;    ignored: [&quot;$id&quot;,&quot;examples&quot;]&#10;warning: the following keywords are unknown and will be ignored: [$id, examples]&#10;    level: &quot;warning&quot;&#10;    schema: {&quot;loadingURI&quot;:&quot;file:/Users/macbook-m1/AquaProjects/Autoc0de-API/target/test-classes/bookingSchema.json#&quot;,&quot;pointer&quot;:&quot;/properties/booking&quot;}&#10;    domain: &quot;syntax&quot;&#10;    ignored: [&quot;$id&quot;,&quot;examples&quot;]&#10;warning: the following keywords are unknown and will be ignored: [$id, examples]&#10;    level: &quot;warning&quot;&#10;    schema: {&quot;loadingURI&quot;:&quot;file:/Users/macbook-m1/AquaProjects/Autoc0de-API/target/test-classes/bookingSchema.json#&quot;,&quot;pointer&quot;:&quot;/properties/booking/properties/additionalneeds&quot;}&#10;    domain: &quot;syntax&quot;&#10;    ignored: [&quot;$id&quot;,&quot;examples&quot;]&#10;warning: the following keywords are unknown and will be ignored: [$id, examples]&#10;    level: &quot;warning&quot;&#10;    schema: {&quot;loadingURI&quot;:&quot;file:/Users/macbook-m1/AquaProjects/Autoc0de-API/target/test-classes/bookingSchema.json#&quot;,&quot;pointer&quot;:&quot;/properties/booking/properties/bookingdates&quot;}&#10;    domain: &quot;syntax&quot;&#10;    ignored: [&quot;$id&quot;,&quot;examples&quot;]&#10;warning: the following keywords are unknown and will be ignored: [$id, examples]&#10;    level: &quot;warning&quot;&#10;    schema: {&quot;loadingURI&quot;:&quot;file:/Users/macbook-m1/AquaProjects/Autoc0de-API/target/test-classes/bookingSchema.json#&quot;,&quot;pointer&quot;:&quot;/properties/booking/properties/bookingdates/properties/checkin&quot;}&#10;    domain: &quot;syntax&quot;&#10;    ignored: [&quot;$id&quot;,&quot;examples&quot;]&#10;warning: the following keywords are unknown and will be ignored: [$id, examples]&#10;    level: &quot;warning&quot;&#10;    schema: {&quot;loadingURI&quot;:&quot;file:/Users/macbook-m1/AquaProjects/Autoc0de-API/target/test-classes/bookingSchema.json#&quot;,&quot;pointer&quot;:&quot;/properties/booking/properties/bookingdates/properties/checkout&quot;}&#10;    domain: &quot;syntax&quot;&#10;    ignored: [&quot;$id&quot;,&quot;examples&quot;]&#10;warning: the following keywords are unknown and will be ignored: [$id, examples]&#10;    level: &quot;warning&quot;&#10;    schema: {&quot;loadingURI&quot;:&quot;file:/Users/macbook-m1/AquaProjects/Autoc0de-API/target/test-classes/bookingSchema.json#&quot;,&quot;pointer&quot;:&quot;/properties/booking/properties/depositpaid&quot;}&#10;    domain: &quot;syntax&quot;&#10;    ignored: [&quot;$id&quot;,&quot;examples&quot;]&#10;warning: the following keywords are unknown and will be ignored: [$id, examples]&#10;    level: &quot;warning&quot;&#10;    schema: {&quot;loadingURI&quot;:&quot;file:/Users/macbook-m1/AquaProjects/Autoc0de-API/target/test-classes/bookingSchema.json#&quot;,&quot;pointer&quot;:&quot;/properties/booking/properties/firstname&quot;}&#10;    domain: &quot;syntax&quot;&#10;    ignored: [&quot;$id&quot;,&quot;examples&quot;]&#10;warning: the following keywords are unknown and will be ignored: [$id, examples]&#10;    level: &quot;warning&quot;&#10;    schema: {&quot;loadingURI&quot;:&quot;file:/Users/macbook-m1/AquaProjects/Autoc0de-API/target/test-classes/bookingSchema.json#&quot;,&quot;pointer&quot;:&quot;/properties/booking/properties/lastname&quot;}&#10;    domain: &quot;syntax&quot;&#10;    ignored: [&quot;$id&quot;,&quot;examples&quot;]&#10;warning: the following keywords are unknown and will be ignored: [$id, examples]&#10;    level: &quot;warning&quot;&#10;    schema: {&quot;loadingURI&quot;:&quot;file:/Users/macbook-m1/AquaProjects/Autoc0de-API/target/test-classes/bookingSchema.json#&quot;,&quot;pointer&quot;:&quot;/properties/booking/properties/totalprice&quot;}&#10;    domain: &quot;syntax&quot;&#10;    ignored: [&quot;$id&quot;,&quot;examples&quot;]&#10;warning: the following keywords are unknown and will be ignored: [$id, examples]&#10;    level: &quot;warning&quot;&#10;    schema: {&quot;loadingURI&quot;:&quot;file:/Users/macbook-m1/AquaProjects/Autoc0de-API/target/test-classes/bookingSchema.json#&quot;,&quot;pointer&quot;:&quot;/properties/bookingid&quot;}&#10;    domain: &quot;syntax&quot;&#10;    ignored: [&quot;$id&quot;,&quot;examples&quot;]&#10;error: object has missing required properties ([&quot;booking&quot;,&quot;bookingid&quot;])&#10;    level: &quot;error&quot;&#10;    schema: {&quot;loadingURI&quot;:&quot;file:/Users/macbook-m1/AquaProjects/Autoc0de-API/target/test-classes/bookingSchema.json#&quot;,&quot;pointer&quot;:&quot;&quot;}&#10;    instance: {&quot;pointer&quot;:&quot;&quot;}&#10;    domain: &quot;validation&quot;&#10;    keyword: &quot;required&quot;&#10;    required: [&quot;booking&quot;,&quot;bookingid&quot;]&#10;    missing: [&quot;booking&quot;,&quot;bookingid&quot;]&#10;&#10;  Actual: {&quot;firstname&quot;:&quot;Eric&quot;,&quot;lastname&quot;:&quot;Ericsson&quot;,&quot;totalprice&quot;:351,&quot;depositpaid&quot;:true,&quot;bookingdates&quot;:{&quot;checkin&quot;:&quot;2018-07-31&quot;,&quot;checkout&quot;:&quot;2022-05-27&quot;},&quot;additionalneeds&quot;:&quot;Breakfast&quot;}&#10;" type="java.lang.AssertionError">1 expectation failed.
Response body doesn't match expectation.
Expected: The content to match the given JSON schema.
warning: the following keywords are unknown and will be ignored: [$id, examples]
    level: "warning"
    schema: {"loadingURI":"file:/Users/macbook-m1/AquaProjects/Autoc0de-API/target/test-classes/bookingSchema.json#","pointer":""}
    domain: "syntax"
    ignored: ["$id","examples"]
warning: the following keywords are unknown and will be ignored: [$id, examples]
    level: "warning"
    schema: {"loadingURI":"file:/Users/macbook-m1/AquaProjects/Autoc0de-API/target/test-classes/bookingSchema.json#","pointer":"/properties/booking"}
    domain: "syntax"
    ignored: ["$id","examples"]
warning: the following keywords are unknown and will be ignored: [$id, examples]
    level: "warning"
    schema: {"loadingURI":"file:/Users/macbook-m1/AquaProjects/Autoc0de-API/target/test-classes/bookingSchema.json#","pointer":"/properties/booking/properties/additionalneeds"}
    domain: "syntax"
    ignored: ["$id","examples"]
warning: the following keywords are unknown and will be ignored: [$id, examples]
    level: "warning"
    schema: {"loadingURI":"file:/Users/macbook-m1/AquaProjects/Autoc0de-API/target/test-classes/bookingSchema.json#","pointer":"/properties/booking/properties/bookingdates"}
    domain: "syntax"
    ignored: ["$id","examples"]
warning: the following keywords are unknown and will be ignored: [$id, examples]
    level: "warning"
    schema: {"loadingURI":"file:/Users/macbook-m1/AquaProjects/Autoc0de-API/target/test-classes/bookingSchema.json#","pointer":"/properties/booking/properties/bookingdates/properties/checkin"}
    domain: "syntax"
    ignored: ["$id","examples"]
warning: the following keywords are unknown and will be ignored: [$id, examples]
    level: "warning"
    schema: {"loadingURI":"file:/Users/macbook-m1/AquaProjects/Autoc0de-API/target/test-classes/bookingSchema.json#","pointer":"/properties/booking/properties/bookingdates/properties/checkout"}
    domain: "syntax"
    ignored: ["$id","examples"]
warning: the following keywords are unknown and will be ignored: [$id, examples]
    level: "warning"
    schema: {"loadingURI":"file:/Users/macbook-m1/AquaProjects/Autoc0de-API/target/test-classes/bookingSchema.json#","pointer":"/properties/booking/properties/depositpaid"}
    domain: "syntax"
    ignored: ["$id","examples"]
warning: the following keywords are unknown and will be ignored: [$id, examples]
    level: "warning"
    schema: {"loadingURI":"file:/Users/macbook-m1/AquaProjects/Autoc0de-API/target/test-classes/bookingSchema.json#","pointer":"/properties/booking/properties/firstname"}
    domain: "syntax"
    ignored: ["$id","examples"]
warning: the following keywords are unknown and will be ignored: [$id, examples]
    level: "warning"
    schema: {"loadingURI":"file:/Users/macbook-m1/AquaProjects/Autoc0de-API/target/test-classes/bookingSchema.json#","pointer":"/properties/booking/properties/lastname"}
    domain: "syntax"
    ignored: ["$id","examples"]
warning: the following keywords are unknown and will be ignored: [$id, examples]
    level: "warning"
    schema: {"loadingURI":"file:/Users/macbook-m1/AquaProjects/Autoc0de-API/target/test-classes/bookingSchema.json#","pointer":"/properties/booking/properties/totalprice"}
    domain: "syntax"
    ignored: ["$id","examples"]
warning: the following keywords are unknown and will be ignored: [$id, examples]
    level: "warning"
    schema: {"loadingURI":"file:/Users/macbook-m1/AquaProjects/Autoc0de-API/target/test-classes/bookingSchema.json#","pointer":"/properties/bookingid"}
    domain: "syntax"
    ignored: ["$id","examples"]
error: object has missing required properties (["booking","bookingid"])
    level: "error"
    schema: {"loadingURI":"file:/Users/macbook-m1/AquaProjects/Autoc0de-API/target/test-classes/bookingSchema.json#","pointer":""}
    instance: {"pointer":""}
    domain: "validation"
    keyword: "required"
    required: ["booking","bookingid"]
    missing: ["booking","bookingid"]

  Actual: {"firstname":"Eric","lastname":"Ericsson","totalprice":351,"depositpaid":true,"bookingdates":{"checkin":"2018-07-31","checkout":"2022-05-27"},"additionalneeds":"Breakfast"}
</failure><system-err>1 expectation failed.
Response body doesn't match expectation.
Expected: The content to match the given JSON schema.
warning: the following keywords are unknown and will be ignored: [$id, examples]
    level: "warning"
    schema: {"loadingURI":"file:/Users/macbook-m1/AquaProjects/Autoc0de-API/target/test-classes/bookingSchema.json#","pointer":""}
    domain: "syntax"
    ignored: ["$id","examples"]
warning: the following keywords are unknown and will be ignored: [$id, examples]
    level: "warning"
    schema: {"loadingURI":"file:/Users/macbook-m1/AquaProjects/Autoc0de-API/target/test-classes/bookingSchema.json#","pointer":"/properties/booking"}
    domain: "syntax"
    ignored: ["$id","examples"]
warning: the following keywords are unknown and will be ignored: [$id, examples]
    level: "warning"
    schema: {"loadingURI":"file:/Users/macbook-m1/AquaProjects/Autoc0de-API/target/test-classes/bookingSchema.json#","pointer":"/properties/booking/properties/additionalneeds"}
    domain: "syntax"
    ignored: ["$id","examples"]
warning: the following keywords are unknown and will be ignored: [$id, examples]
    level: "warning"
    schema: {"loadingURI":"file:/Users/macbook-m1/AquaProjects/Autoc0de-API/target/test-classes/bookingSchema.json#","pointer":"/properties/booking/properties/bookingdates"}
    domain: "syntax"
    ignored: ["$id","examples"]
warning: the following keywords are unknown and will be ignored: [$id, examples]
    level: "warning"
    schema: {"loadingURI":"file:/Users/macbook-m1/AquaProjects/Autoc0de-API/target/test-classes/bookingSchema.json#","pointer":"/properties/booking/properties/bookingdates/properties/checkin"}
    domain: "syntax"
    ignored: ["$id","examples"]
warning: the following keywords are unknown and will be ignored: [$id, examples]
    level: "warning"
    schema: {"loadingURI":"file:/Users/macbook-m1/AquaProjects/Autoc0de-API/target/test-classes/bookingSchema.json#","pointer":"/properties/booking/properties/bookingdates/properties/checkout"}
    domain: "syntax"
    ignored: ["$id","examples"]
warning: the following keywords are unknown and will be ignored: [$id, examples]
    level: "warning"
    schema: {"loadingURI":"file:/Users/macbook-m1/AquaProjects/Autoc0de-API/target/test-classes/bookingSchema.json#","pointer":"/properties/booking/properties/depositpaid"}
    domain: "syntax"
    ignored: ["$id","examples"]
warning: the following keywords are unknown and will be ignored: [$id, examples]
    level: "warning"
    schema: {"loadingURI":"file:/Users/macbook-m1/AquaProjects/Autoc0de-API/target/test-classes/bookingSchema.json#","pointer":"/properties/booking/properties/firstname"}
    domain: "syntax"
    ignored: ["$id","examples"]
warning: the following keywords are unknown and will be ignored: [$id, examples]
    level: "warning"
    schema: {"loadingURI":"file:/Users/macbook-m1/AquaProjects/Autoc0de-API/target/test-classes/bookingSchema.json#","pointer":"/properties/booking/properties/lastname"}
    domain: "syntax"
    ignored: ["$id","examples"]
warning: the following keywords are unknown and will be ignored: [$id, examples]
    level: "warning"
    schema: {"loadingURI":"file:/Users/macbook-m1/AquaProjects/Autoc0de-API/target/test-classes/bookingSchema.json#","pointer":"/properties/booking/properties/totalprice"}
    domain: "syntax"
    ignored: ["$id","examples"]
warning: the following keywords are unknown and will be ignored: [$id, examples]
    level: "warning"
    schema: {"loadingURI":"file:/Users/macbook-m1/AquaProjects/Autoc0de-API/target/test-classes/bookingSchema.json#","pointer":"/properties/bookingid"}
    domain: "syntax"
    ignored: ["$id","examples"]
error: object has missing required properties (["booking","bookingid"])
    level: "error"
    schema: {"loadingURI":"file:/Users/macbook-m1/AquaProjects/Autoc0de-API/target/test-classes/bookingSchema.json#","pointer":""}
    instance: {"pointer":""}
    domain: "validation"
    keyword: "required"
    required: ["booking","bookingid"]
    missing: ["booking","bookingid"]

  Actual: {"firstname":"Eric","lastname":"Ericsson","totalprice":351,"depositpaid":true,"bookingdates":{"checkin":"2018-07-31","checkout":"2022-05-27"},"additionalneeds":"Breakfast"}

io.restassured.internal.ResponseSpecificationImpl.validateResponseIfRequired(ResponseSpecificationImpl.groovy:656)
io.restassured.internal.ResponseSpecificationImpl.content(ResponseSpecificationImpl.groovy:97)
io.restassured.internal.ResponseSpecificationImpl.body(ResponseSpecificationImpl.groovy:256)
io.restassured.internal.ValidatableResponseOptionsImpl.body(ValidatableResponseOptionsImpl.java:268)
actions.Actions.checkValidResponse(Actions.java:26)
steps.Steps.theResponseBodyShouldMatchFile(Steps.java:21)
✽.the response body should match "bookingSchema.json" file(file:src/test/resources/features/GetBookinID.feature:8)
</system-err></testcase><testcase name="Invalid booking id"/><testcase name="Empty search"/></testsuite>