<?xml version="1.0" encoding="UTF-8"?><testsuite errors="0" failures="3" name="Create a new booking" skipped="0" tests="4" time="4.11" timestamp="2023-01-17 04:17:25"><testcase name="Successfully create a new booking"/><testcase name="Invalid booking information"><failure message="expected:&lt;200&gt; but was:&lt;400&gt;" type="java.lang.AssertionError">expected:&lt;200&gt; but was:&lt;400&gt;</failure><system-err>expected:&lt;200&gt; but was:&lt;400&gt;
actions.Actions.assertStatusCode(Actions.java:21)
steps.Steps.theStatusCodeShouldBe(Steps.java:28)
✽.the status code should be 400(file:src/test/resources/features/CreateBooking.feature:11)
</system-err></testcase><testcase name="Successfully create a new booking with XML body"><failure message="expected:&lt;500&gt; but was:&lt;200&gt;" type="java.lang.AssertionError">expected:&lt;500&gt; but was:&lt;200&gt;</failure><system-err>expected:&lt;500&gt; but was:&lt;200&gt;
actions.Actions.assertStatusCode(Actions.java:21)
steps.Steps.theStatusCodeShouldBe(Steps.java:28)
✽.the status code should be 200(file:src/test/resources/features/CreateBooking.feature:16)
</system-err></testcase><testcase name="Successfully create a new booking with URL-encoded body"><failure message="expected:&lt;415&gt; but was:&lt;200&gt;" type="java.lang.AssertionError">expected:&lt;415&gt; but was:&lt;200&gt;</failure><system-err>expected:&lt;415&gt; but was:&lt;200&gt;
actions.Actions.assertStatusCode(Actions.java:21)
steps.Steps.theStatusCodeShouldBe(Steps.java:28)
✽.the status code should be 200(file:src/test/resources/features/CreateBooking.feature:20)
</system-err></testcase></testsuite>