<?xml version="1.0" encoding="UTF-8"?><testsuite errors="0" failures="0" name="GetBookingIds" skipped="0" tests="6" time="7.92" timestamp="2023-01-17 04:17:33"><testcase name="Successfully retrieve all booking IDs"/><testcase name="Successfully retrieve filtered booking IDs by Last name"/><testcase name="Successfully retrieve filtered booking IDs by First name"/><testcase name="Successfully retrieve filtered booking IDs by First and Last name"/><testcase name="Successfully retrieve filtered booking IDs by Checkin date"/><testcase name="Successfully retrieve filtered booking IDs by Checkout date"/></testsuite>