<?xml version="1.0" encoding="UTF-8"?><testsuite errors="0" failures="0" name="Booking" skipped="0" tests="6" time="17.27" timestamp="2023-01-16 11:20:20"><testcase name="As a user I want to test the POST operation on authentication"/><testcase name="As a user I want to test the POST operation on bookings"/><testcase name="As a user I want to get all the bookings"/><testcase name="As a user I want to delete a booking"/><testcase name="As a user I want to get a booking by id"/><testcase name="As a user I want to test the PUT operation to edit a booking"/></testsuite>