<?xml version="1.0" encoding="UTF-8"?><testsuite errors="0" failures="5" name="Update a current booking with a partial payload" skipped="0" tests="6" time="5.53" timestamp="2023-01-17 04:17:44"><testcase name="Successfully update a current booking with a partial payload"><failure message="1 expectation failed.&#10;Response body doesn't match expectation.&#10;Expected: The content to match the given JSON schema.&#10;warning: the following keywords are unknown and will be ignored: [$id, examples]&#10;    level: &quot;warning&quot;&#10;    schema: {&quot;loadingURI&quot;:&quot;file:/Users/macbook-m1/AquaProjects/Autoc0de-API/target/test-classes/bookingSchema.json#&quot;,&quot;pointer&quot;:&quot;&quot;}&#10;    domain: &quot;syntax&quot;&#10;    ignored: [&quot;$id&quot;,&quot;examples&quot;]&#10;warning: the following keywords are unknown and will be ignored: [$id, examples]&#10;    level: &quot;warning&quot;&#10;    schema: {&quot;loadingURI&quot;:&quot;file:/Users/macbook-m1/AquaProjects/Autoc0de-API/target/test-classes/bookingSchema.json#&quot;,&quot;pointer&quot;:&quot;/properties/booking&quot;}&#10;    domain: &quot;syntax&quot;&#10;    ignored: [&quot;$id&quot;,&quot;examples&quot;]&#10;warning: the following keywords are unknown and will be ignored: [$id, examples]&#10;    level: &quot;warning&quot;&#10;    schema: {&quot;loadingURI&quot;:&quot;file:/Users/macbook-m1/AquaProjects/Autoc0de-API/target/test-classes/bookingSchema.json#&quot;,&quot;pointer&quot;:&quot;/properties/booking/properties/additionalneeds&quot;}&#10;    domain: &quot;syntax&quot;&#10;    ignored: [&quot;$id&quot;,&quot;examples&quot;]&#10;warning: the following keywords are unknown and will be ignored: [$id, examples]&#10;    level: &quot;warning&quot;&#10;    schema: {&quot;loadingURI&quot;:&quot;file:/Users/macbook-m1/AquaProjects/Autoc0de-API/target/test-classes/bookingSchema.json#&quot;,&quot;pointer&quot;:&quot;/properties/booking/properties/bookingdates&quot;}&#10;    domain: &quot;syntax&quot;&#10;    ignored: [&quot;$id&quot;,&quot;examples&quot;]&#10;warning: the following keywords are unknown and will be ignored: [$id, examples]&#10;    level: &quot;warning&quot;&#10;    schema: {&quot;loadingURI&quot;:&quot;file:/Users/macbook-m1/AquaProjects/Autoc0de-API/target/test-classes/bookingSchema.json#&quot;,&quot;pointer&quot;:&quot;/properties/booking/properties/bookingdates/properties/checkin&quot;}&#10;    domain: &quot;syntax&quot;&#10;    ignored: [&quot;$id&quot;,&quot;examples&quot;]&#10;warning: the following keywords are unknown and will be ignored: [$id, examples]&#10;    level: &quot;warning&quot;&#10;    schema: {&quot;loadingURI&quot;:&quot;file:/Users/macbook-m1/AquaProjects/Autoc0de-API/target/test-classes/bookingSchema.json#&quot;,&quot;pointer&quot;:&quot;/properties/booking/properties/bookingdates/properties/checkout&quot;}&#10;    domain: &quot;syntax&quot;&#10;    ignored: [&quot;$id&quot;,&quot;examples&quot;]&#10;warning: the following keywords are unknown and will be ignored: [$id, examples]&#10;    level: &quot;warning&quot;&#10;    schema: {&quot;loadingURI&quot;:&quot;file:/Users/macbook-m1/AquaProjects/Autoc0de-API/target/test-classes/bookingSchema.json#&quot;,&quot;pointer&quot;:&quot;/properties/booking/properties/depositpaid&quot;}&#10;    domain: &quot;syntax&quot;&#10;    ignored: [&quot;$id&quot;,&quot;examples&quot;]&#10;warning: the following keywords are unknown and will be ignored: [$id, examples]&#10;    level: &quot;warning&quot;&#10;    schema: {&quot;loadingURI&quot;:&quot;file:/Users/macbook-m1/AquaProjects/Autoc0de-API/target/test-classes/bookingSchema.json#&quot;,&quot;pointer&quot;:&quot;/properties/booking/properties/firstname&quot;}&#10;    domain: &quot;syntax&quot;&#10;    ignored: [&quot;$id&quot;,&quot;examples&quot;]&#10;warning: the following keywords are unknown and will be ignored: [$id, examples]&#10;    level: &quot;warning&quot;&#10;    schema: {&quot;loadingURI&quot;:&quot;file:/Users/macbook-m1/AquaProjects/Autoc0de-API/target/test-classes/bookingSchema.json#&quot;,&quot;pointer&quot;:&quot;/properties/booking/properties/lastname&quot;}&#10;    domain: &quot;syntax&quot;&#10;    ignored: [&quot;$id&quot;,&quot;examples&quot;]&#10;warning: the following keywords are unknown and will be ignored: [$id, examples]&#10;    level: &quot;warning&quot;&#10;    schema: {&quot;loadingURI&quot;:&quot;file:/Users/macbook-m1/AquaProjects/Autoc0de-API/target/test-classes/bookingSchema.json#&quot;,&quot;pointer&quot;:&quot;/properties/booking/properties/totalprice&quot;}&#10;    domain: &quot;syntax&quot;&#10;    ignored: [&quot;$id&quot;,&quot;examples&quot;]&#10;warning: the following keywords are unknown and will be ignored: [$id, examples]&#10;    level: &quot;warning&quot;&#10;    schema: {&quot;loadingURI&quot;:&quot;file:/Users/macbook-m1/AquaProjects/Autoc0de-API/target/test-classes/bookingSchema.json#&quot;,&quot;pointer&quot;:&quot;/properties/bookingid&quot;}&#10;    domain: &quot;syntax&quot;&#10;    ignored: [&quot;$id&quot;,&quot;examples&quot;]&#10;error: object has missing required properties ([&quot;booking&quot;,&quot;bookingid&quot;])&#10;    level: &quot;error&quot;&#10;    schema: {&quot;loadingURI&quot;:&quot;file:/Users/macbook-m1/AquaProjects/Autoc0de-API/target/test-classes/bookingSchema.json#&quot;,&quot;pointer&quot;:&quot;&quot;}&#10;    instance: {&quot;pointer&quot;:&quot;&quot;}&#10;    domain: &quot;validation&quot;&#10;    keyword: &quot;required&quot;&#10;    required: [&quot;booking&quot;,&quot;bookingid&quot;]&#10;    missing: [&quot;booking&quot;,&quot;bookingid&quot;]&#10;&#10;  Actual: {&quot;firstname&quot;:&quot;Jim&quot;,&quot;lastname&quot;:&quot;Brown&quot;,&quot;totalprice&quot;:437,&quot;depositpaid&quot;:true,&quot;bookingdates&quot;:{&quot;checkin&quot;:&quot;2022-09-07&quot;,&quot;checkout&quot;:&quot;2022-09-09&quot;}}&#10;" type="java.lang.AssertionError">1 expectation failed.
Response body doesn't match expectation.
Expected: The content to match the given JSON schema.
warning: the following keywords are unknown and will be ignored: [$id, examples]
    level: "warning"
    schema: {"loadingURI":"file:/Users/macbook-m1/AquaProjects/Autoc0de-API/target/test-classes/bookingSchema.json#","pointer":""}
    domain: "syntax"
    ignored: ["$id","examples"]
warning: the following keywords are unknown and will be ignored: [$id, examples]
    level: "warning"
    schema: {"loadingURI":"file:/Users/macbook-m1/AquaProjects/Autoc0de-API/target/test-classes/bookingSchema.json#","pointer":"/properties/booking"}
    domain: "syntax"
    ignored: ["$id","examples"]
warning: the following keywords are unknown and will be ignored: [$id, examples]
    level: "warning"
    schema: {"loadingURI":"file:/Users/macbook-m1/AquaProjects/Autoc0de-API/target/test-classes/bookingSchema.json#","pointer":"/properties/booking/properties/additionalneeds"}
    domain: "syntax"
    ignored: ["$id","examples"]
warning: the following keywords are unknown and will be ignored: [$id, examples]
    level: "warning"
    schema: {"loadingURI":"file:/Users/macbook-m1/AquaProjects/Autoc0de-API/target/test-classes/bookingSchema.json#","pointer":"/properties/booking/properties/bookingdates"}
    domain: "syntax"
    ignored: ["$id","examples"]
warning: the following keywords are unknown and will be ignored: [$id, examples]
    level: "warning"
    schema: {"loadingURI":"file:/Users/macbook-m1/AquaProjects/Autoc0de-API/target/test-classes/bookingSchema.json#","pointer":"/properties/booking/properties/bookingdates/properties/checkin"}
    domain: "syntax"
    ignored: ["$id","examples"]
warning: the following keywords are unknown and will be ignored: [$id, examples]
    level: "warning"
    schema: {"loadingURI":"file:/Users/macbook-m1/AquaProjects/Autoc0de-API/target/test-classes/bookingSchema.json#","pointer":"/properties/booking/properties/bookingdates/properties/checkout"}
    domain: "syntax"
    ignored: ["$id","examples"]
warning: the following keywords are unknown and will be ignored: [$id, examples]
    level: "warning"
    schema: {"loadingURI":"file:/Users/macbook-m1/AquaProjects/Autoc0de-API/target/test-classes/bookingSchema.json#","pointer":"/properties/booking/properties/depositpaid"}
    domain: "syntax"
    ignored: ["$id","examples"]
warning: the following keywords are unknown and will be ignored: [$id, examples]
    level: "warning"
    schema: {"loadingURI":"file:/Users/macbook-m1/AquaProjects/Autoc0de-API/target/test-classes/bookingSchema.json#","pointer":"/properties/booking/properties/firstname"}
    domain: "syntax"
    ignored: ["$id","examples"]
warning: the following keywords are unknown and will be ignored: [$id, examples]
    level: "warning"
    schema: {"loadingURI":"file:/Users/macbook-m1/AquaProjects/Autoc0de-API/target/test-classes/bookingSchema.json#","pointer":"/properties/booking/properties/lastname"}
    domain: "syntax"
    ignored: ["$id","examples"]
warning: the following keywords are unknown and will be ignored: [$id, examples]
    level: "warning"
    schema: {"loadingURI":"file:/Users/macbook-m1/AquaProjects/Autoc0de-API/target/test-classes/bookingSchema.json#","pointer":"/properties/booking/properties/totalprice"}
    domain: "syntax"
    ignored: ["$id","examples"]
warning: the following keywords are unknown and will be ignored: [$id, examples]
    level: "warning"
    schema: {"loadingURI":"file:/Users/macbook-m1/AquaProjects/Autoc0de-API/target/test-classes/bookingSchema.json#","pointer":"/properties/bookingid"}
    domain: "syntax"
    ignored: ["$id","examples"]
error: object has missing required properties (["booking","bookingid"])
    level: "error"
    schema: {"loadingURI":"file:/Users/macbook-m1/AquaProjects/Autoc0de-API/target/test-classes/bookingSchema.json#","pointer":""}
    instance: {"pointer":""}
    domain: "validation"
    keyword: "required"
    required: ["booking","bookingid"]
    missing: ["booking","bookingid"]

  Actual: {"firstname":"Jim","lastname":"Brown","totalprice":437,"depositpaid":true,"bookingdates":{"checkin":"2022-09-07","checkout":"2022-09-09"}}
</failure><system-err>1 expectation failed.
Response body doesn't match expectation.
Expected: The content to match the given JSON schema.
warning: the following keywords are unknown and will be ignored: [$id, examples]
    level: "warning"
    schema: {"loadingURI":"file:/Users/macbook-m1/AquaProjects/Autoc0de-API/target/test-classes/bookingSchema.json#","pointer":""}
    domain: "syntax"
    ignored: ["$id","examples"]
warning: the following keywords are unknown and will be ignored: [$id, examples]
    level: "warning"
    schema: {"loadingURI":"file:/Users/macbook-m1/AquaProjects/Autoc0de-API/target/test-classes/bookingSchema.json#","pointer":"/properties/booking"}
    domain: "syntax"
    ignored: ["$id","examples"]
warning: the following keywords are unknown and will be ignored: [$id, examples]
    level: "warning"
    schema: {"loadingURI":"file:/Users/macbook-m1/AquaProjects/Autoc0de-API/target/test-classes/bookingSchema.json#","pointer":"/properties/booking/properties/additionalneeds"}
    domain: "syntax"
    ignored: ["$id","examples"]
warning: the following keywords are unknown and will be ignored: [$id, examples]
    level: "warning"
    schema: {"loadingURI":"file:/Users/macbook-m1/AquaProjects/Autoc0de-API/target/test-classes/bookingSchema.json#","pointer":"/properties/booking/properties/bookingdates"}
    domain: "syntax"
    ignored: ["$id","examples"]
warning: the following keywords are unknown and will be ignored: [$id, examples]
    level: "warning"
    schema: {"loadingURI":"file:/Users/macbook-m1/AquaProjects/Autoc0de-API/target/test-classes/bookingSchema.json#","pointer":"/properties/booking/properties/bookingdates/properties/checkin"}
    domain: "syntax"
    ignored: ["$id","examples"]
warning: the following keywords are unknown and will be ignored: [$id, examples]
    level: "warning"
    schema: {"loadingURI":"file:/Users/macbook-m1/AquaProjects/Autoc0de-API/target/test-classes/bookingSchema.json#","pointer":"/properties/booking/properties/bookingdates/properties/checkout"}
    domain: "syntax"
    ignored: ["$id","examples"]
warning: the following keywords are unknown and will be ignored: [$id, examples]
    level: "warning"
    schema: {"loadingURI":"file:/Users/macbook-m1/AquaProjects/Autoc0de-API/target/test-classes/bookingSchema.json#","pointer":"/properties/booking/properties/depositpaid"}
    domain: "syntax"
    ignored: ["$id","examples"]
warning: the following keywords are unknown and will be ignored: [$id, examples]
    level: "warning"
    schema: {"loadingURI":"file:/Users/macbook-m1/AquaProjects/Autoc0de-API/target/test-classes/bookingSchema.json#","pointer":"/properties/booking/properties/firstname"}
    domain: "syntax"
    ignored: ["$id","examples"]
warning: the following keywords are unknown and will be ignored: [$id, examples]
    level: "warning"
    schema: {"loadingURI":"file:/Users/macbook-m1/AquaProjects/Autoc0de-API/target/test-classes/bookingSchema.json#","pointer":"/properties/booking/properties/lastname"}
    domain: "syntax"
    ignored: ["$id","examples"]
warning: the following keywords are unknown and will be ignored: [$id, examples]
    level: "warning"
    schema: {"loadingURI":"file:/Users/macbook-m1/AquaProjects/Autoc0de-API/target/test-classes/bookingSchema.json#","pointer":"/properties/booking/properties/totalprice"}
    domain: "syntax"
    ignored: ["$id","examples"]
warning: the following keywords are unknown and will be ignored: [$id, examples]
    level: "warning"
    schema: {"loadingURI":"file:/Users/macbook-m1/AquaProjects/Autoc0de-API/target/test-classes/bookingSchema.json#","pointer":"/properties/bookingid"}
    domain: "syntax"
    ignored: ["$id","examples"]
error: object has missing required properties (["booking","bookingid"])
    level: "error"
    schema: {"loadingURI":"file:/Users/macbook-m1/AquaProjects/Autoc0de-API/target/test-classes/bookingSchema.json#","pointer":""}
    instance: {"pointer":""}
    domain: "validation"
    keyword: "required"
    required: ["booking","bookingid"]
    missing: ["booking","bookingid"]

  Actual: {"firstname":"Jim","lastname":"Brown","totalprice":437,"depositpaid":true,"bookingdates":{"checkin":"2022-09-07","checkout":"2022-09-09"}}

io.restassured.internal.ResponseSpecificationImpl.validateResponseIfRequired(ResponseSpecificationImpl.groovy:656)
io.restassured.internal.ResponseSpecificationImpl.content(ResponseSpecificationImpl.groovy:97)
io.restassured.internal.ResponseSpecificationImpl.body(ResponseSpecificationImpl.groovy:256)
io.restassured.internal.ValidatableResponseOptionsImpl.body(ValidatableResponseOptionsImpl.java:268)
actions.Actions.checkValidResponse(Actions.java:26)
steps.Steps.theResponseBodyShouldMatchFile(Steps.java:21)
✽.the response body should match "bookingSchema.json" file(file:src/test/resources/features/PartiaUpdateBooking.feature:7)
</system-err></testcase><testcase name="Invalid booking id"><failure message="expected:&lt;405&gt; but was:&lt;404&gt;" type="java.lang.AssertionError">expected:&lt;405&gt; but was:&lt;404&gt;</failure><system-err>expected:&lt;405&gt; but was:&lt;404&gt;
actions.Actions.assertStatusCode(Actions.java:21)
steps.Steps.theStatusCodeShouldBe(Steps.java:28)
✽.the status code should be 404(file:src/test/resources/features/PartiaUpdateBooking.feature:11)
</system-err></testcase><testcase name="Invalid partial payload"><failure message="expected:&lt;200&gt; but was:&lt;400&gt;" type="java.lang.AssertionError">expected:&lt;200&gt; but was:&lt;400&gt;</failure><system-err>expected:&lt;200&gt; but was:&lt;400&gt;
actions.Actions.assertStatusCode(Actions.java:21)
steps.Steps.theStatusCodeShouldBe(Steps.java:28)
✽.the status code should be 400(file:src/test/resources/features/PartiaUpdateBooking.feature:16)
</system-err></testcase><testcase name="Unauthorized access"><failure message="expected:&lt;403&gt; but was:&lt;401&gt;" type="java.lang.AssertionError">expected:&lt;403&gt; but was:&lt;401&gt;</failure><system-err>expected:&lt;403&gt; but was:&lt;401&gt;
actions.Actions.assertStatusCode(Actions.java:21)
steps.Steps.theStatusCodeShouldBe(Steps.java:28)
✽.the status code should be 401(file:src/test/resources/features/PartiaUpdateBooking.feature:21)
</system-err></testcase><testcase name="Successfully update a current booking with a partial payload in XML format"/><testcase name="Successfully update a current booking with a partial payload in URL-encoded format"><failure message="expected:&lt;415&gt; but was:&lt;200&gt;" type="java.lang.AssertionError">expected:&lt;415&gt; but was:&lt;200&gt;</failure><system-err>expected:&lt;415&gt; but was:&lt;200&gt;
actions.Actions.assertStatusCode(Actions.java:21)
steps.Steps.theStatusCodeShouldBe(Steps.java:28)
✽.the status code should be 200(file:src/test/resources/features/PartiaUpdateBooking.feature:29)
</system-err></testcase></testsuite>